nov 1/17:32:10.175 DEBUG2 : 		STLinkOpen
nov 1/17:32:10.194 DEBUG2 : 		Reset
nov 1/17:32:10.197 DEBUG2 : 		Stop
nov 1/17:32:10.197 DEBUG2 : 		ReadTarget32
nov 1/17:32:10.197 DEBUG2 : 		ReadTarget32
nov 1/17:32:10.198 DEBUG2 : 		ReadTarget32
nov 1/17:32:10.198 DEBUG2 : 		ReadTarget32
nov 1/17:32:10.198 DEBUG2 : 		ReadTarget32
nov 1/17:32:10.199 DEBUG2 : 		ReadTarget32
nov 1/17:32:10.199 DEBUG2 : 		ReadTarget32
nov 1/17:32:10.199 DEBUG2 : 		ReadTarget32
nov 1/17:32:10.199 DEBUG2 : 		ReadTarget32
nov 1/17:32:10.200 DEBUG2 : 		ReadTarget32
nov 1/17:32:10.200 DEBUG2 : 		ReadTarget32
nov 1/17:32:10.200 DEBUG2 : 		ReadTarget32
nov 1/17:32:10.201 DEBUG2 : 		ReadTarget32
nov 1/17:32:10.201 DEBUG2 : 		ReadTarget32
nov 1/17:32:10.201 DEBUG2 : 		ReadTarget32
nov 1/17:32:10.202 DEBUG2 : 		ReadTarget32
nov 1/17:32:10.202 DEBUG2 : 		ReadTarget32
nov 1/17:32:10.202 DEBUG2 : 		ReadTarget32
nov 1/17:32:10.203 DEBUG2 : 		ReadTarget32
nov 1/17:32:10.203 DEBUG2 : 		ReadTarget32
nov 1/17:32:10.203 DEBUG2 : 		ReadTarget32
nov 1/17:32:10.203 DEBUG2 : 		ReadTarget32
nov 1/17:32:10.204 DEBUG2 : 		ReadTarget32
nov 1/17:32:10.204 DEBUG2 : 		ReadTarget32
nov 1/17:32:10.204 DEBUG2 : 		ReadTarget32
nov 1/17:32:10.205 DEBUG2 : 		ReadTarget32
nov 1/17:32:10.205 DEBUG2 : 		ReadTarget32
nov 1/17:32:10.205 DEBUG2 : 		ReadTarget32
nov 1/17:32:10.206 DEBUG2 : 		ReadTarget32
nov 1/17:32:10.206 DEBUG2 : 		ReadTarget32
nov 1/17:32:10.207 DEBUG2 : 		ReadTarget32
nov 1/17:32:10.207 DEBUG2 : 		ReadTarget32
nov 1/17:32:10.207 DEBUG2 : 		ReadTarget32
nov 1/17:32:10.208 DEBUG2 : 		ReadTarget32
nov 1/17:32:10.208 DEBUG2 : 		ReadTarget32
nov 1/17:32:10.208 DEBUG2 : 		ReadTarget32
nov 1/17:32:10.209 DEBUG2 : 		ReadTarget32
nov 1/17:32:10.209 DEBUG2 : 		ReadTarget32
nov 1/17:32:10.209 DEBUG2 : 		ReadTarget32
nov 1/17:32:10.210 DEBUG2 : 		ReadTarget32
nov 1/17:32:10.210 DEBUG2 : 		ReadTarget32
nov 1/17:32:10.210 DEBUG2 : 		ReadTarget32
nov 1/17:32:10.211 DEBUG2 : 		ReadTarget32
nov 1/17:32:10.211 DEBUG2 : 		ReadTarget32
nov 1/17:32:10.211 DEBUG2 : 		ReadTarget32
nov 1/17:32:10.211 DEBUG2 : 		ReadTarget32
nov 1/17:32:10.212 DEBUG2 : 		ReadTarget32
nov 1/17:32:10.212 DEBUG2 : 		ReadTarget32
nov 1/17:32:10.212 DEBUG2 : 		ReadTarget32
nov 1/17:32:10.213 DEBUG2 : 		ReadTarget32
nov 1/17:32:10.213 DEBUG2 : 		ReadTarget32
nov 1/17:32:10.213 DEBUG2 : 		ReadTarget32
nov 1/17:32:10.214 DEBUG2 : 		ReadTarget32
nov 1/17:32:10.214 DEBUG2 : 		ReadTarget32
nov 1/17:32:10.214 DEBUG2 : 		ReadTarget32
nov 1/17:32:10.215 DEBUG2 : 		ReadTarget32
nov 1/17:32:10.215 DEBUG2 : 		ReadTarget32
nov 1/17:32:10.215 DEBUG2 : 		ReadTarget32
nov 1/17:32:10.215 DEBUG2 : 		ReadTarget32
nov 1/17:32:10.216 DEBUG2 : 		ReadTarget32
nov 1/17:32:10.216 DEBUG2 : 		ReadTarget32
nov 1/17:32:10.216 DEBUG2 : 		ReadTarget32
nov 1/17:32:10.217 DEBUG2 : 		ReadTarget32
nov 1/17:32:10.217 DEBUG2 : 		ReadTarget32
nov 1/17:32:10.217 DEBUG2 : 		ReadTarget32
nov 1/17:32:10.218 DEBUG2 : 		ReadTarget32
nov 1/17:32:10.218 DEBUG2 : 		ReadTarget32
nov 1/17:32:10.218 DEBUG2 : 		ReadTarget32
nov 1/17:32:10.219 DEBUG2 : 		ReadTarget32
nov 1/17:32:10.219 DEBUG2 : 		ReadTarget32
nov 1/17:32:10.219 DEBUG2 : 		ReadTarget32
nov 1/17:32:10.220 DEBUG2 : 		ReadTarget32
nov 1/17:32:10.220 DEBUG2 : 		ReadTarget32
nov 1/17:32:10.220 DEBUG2 : 		ReadTarget32
nov 1/17:32:10.220 DEBUG2 : 		ReadTarget32
nov 1/17:32:10.221 DEBUG2 : 		ReadTarget32
nov 1/17:32:10.221 DEBUG2 : 		ReadTarget32
nov 1/17:32:10.221 DEBUG2 : 		ReadTarget32
nov 1/17:32:10.222 DEBUG2 : 		ReadTarget32
nov 1/17:32:10.222 DEBUG2 : 		ReadTarget32
nov 1/17:32:10.222 DEBUG2 : 		ReadTarget32
nov 1/17:32:10.223 DEBUG2 : 		ReadTarget32
nov 1/17:32:10.223 DEBUG2 : 		ReadTarget32
nov 1/17:32:10.223 DEBUG2 : 		ReadTarget32
nov 1/17:32:10.224 DEBUG2 : 		ReadTarget32
nov 1/17:32:10.224 DEBUG2 : 		ReadTarget32
nov 1/17:32:10.224 DEBUG2 : 		ReadTarget32
nov 1/17:32:10.224 DEBUG2 : 		ReadTarget32
nov 1/17:32:10.225 DEBUG2 : 		ReadTarget32
nov 1/17:32:10.225 DEBUG2 : 		ReadTarget32
nov 1/17:32:10.226 DEBUG2 : 		ReadTarget32
nov 1/17:32:10.226 DEBUG2 : 		ReadTarget32
nov 1/17:32:10.229 DEBUG2 : 		ReadTarget32
nov 1/17:32:10.240 DEBUG2 : 		ReadTarget32
nov 1/17:32:10.241 DEBUG2 : 		ReadTarget32
nov 1/17:32:10.241 DEBUG2 : 		WriteTarget32 Address=0xE0042008 Data=0x00001800
nov 1/17:32:10.242 DEBUG2 : 		ReadTarget32
nov 1/17:32:10.242 DEBUG2 : 		ReadTarget32
nov 1/17:32:10.243 DEBUG2 : 		ReadTarget32
nov 1/17:32:10.243 DEBUG2 : 		WriteTarget32 Address=0x40023808 Data=0x00000000
nov 1/17:32:10.243 DEBUG2 : 		WriteTarget32 Address=0x40023800 Data=0x00010083
nov 1/17:32:10.243 DEBUG2 : 		WriteTarget32 Address=0x4002380C Data=0x00000000
nov 1/17:32:10.244 DEBUG2 : 		ReadTarget32
nov 1/17:32:10.286 DEBUG2 : 		WriteTarget32 Address=0x20000000 Data=0x20020000
nov 1/17:32:10.286 DEBUG2 : 		WriteTarget32 Address=0x20000040 Data=0x4C1EB51C
nov 1/17:32:10.296 DEBUG2 : 		ReadTarget32
nov 1/17:32:10.296 DEBUG2 : 		ReadTarget32
nov 1/17:32:10.296 DEBUG2 : 		STLinkReadReg
nov 1/17:32:10.299 DEBUG2 : 		STLinkWriteReg
nov 1/17:32:10.299 DEBUG2 : 		STLinkReadReg
nov 1/17:32:10.302 DEBUG2 : 		STLinkReadReg
nov 1/17:32:10.302 DEBUG2 : 		STLinkReadReg
nov 1/17:32:10.302 DEBUG2 : 		STLinkWriteReg
nov 1/17:32:10.303 DEBUG2 : 		STLinkReadReg
nov 1/17:32:10.305 DEBUG2 : 		STLinkReadReg
nov 1/17:32:10.305 DEBUG2 : 		STLinkReadReg
nov 1/17:32:10.305 DEBUG2 : 		STLinkReadReg
nov 1/17:32:10.305 DEBUG2 : 		STLinkReadReg
nov 1/17:32:10.305 DEBUG2 : 		STLinkReadReg
nov 1/17:32:10.305 DEBUG2 : 		STLinkReadReg
nov 1/17:32:10.305 DEBUG2 : 		STLinkReadReg
nov 1/17:32:10.305 DEBUG2 : 		STLinkReadReg
nov 1/17:32:10.305 DEBUG2 : 		STLinkReadReg
nov 1/17:32:10.305 DEBUG2 : 		STLinkReadReg
nov 1/17:32:10.305 DEBUG2 : 		STLinkReadReg
nov 1/17:32:10.305 DEBUG2 : 		STLinkReadReg
nov 1/17:32:10.305 DEBUG2 : 		STLinkReadReg
nov 1/17:32:10.305 DEBUG2 : 		STLinkReadReg
nov 1/17:32:10.305 DEBUG2 : 		STLinkReadReg
nov 1/17:32:10.305 DEBUG2 : 		STLinkReadReg
nov 1/17:32:10.305 DEBUG2 : 		STLinkReadReg
nov 1/17:32:10.305 DEBUG2 : 		STLinkReadReg
nov 1/17:32:10.305 DEBUG2 : 		STLinkWriteReg
nov 1/17:32:10.305 DEBUG2 : 		ReadTarget32
nov 1/17:32:10.306 DEBUG2 : 		WriteTarget32 Address=0xE000EDFC Data=0x01000000
nov 1/17:32:10.306 DEBUG2 : 		ReadTarget32
nov 1/17:32:10.306 DEBUG2 : 		ReadTarget32
nov 1/17:32:10.309 DEBUG2 : 		STLinkReadReg
nov 1/17:32:10.311 DEBUG2 : 		WriteTarget32 Address=0x2001EF98 Data=0x00000000
nov 1/17:32:10.312 DEBUG2 : 		WriteTarget32 Address=0x2001EF84 Data=0x08000000
nov 1/17:32:10.312 DEBUG2 : 		STLinkWriteReg
nov 1/17:32:10.312 DEBUG2 : 		STLinkReadReg
nov 1/17:32:10.315 DEBUG2 : 		STLinkReadReg
nov 1/17:32:10.315 DEBUG2 : 		STLinkReadReg
nov 1/17:32:10.315 DEBUG2 : 		STLinkReadReg
nov 1/17:32:10.315 DEBUG2 : 		STLinkReadReg
nov 1/17:32:10.315 DEBUG2 : 		STLinkReadReg
nov 1/17:32:10.315 DEBUG2 : 		STLinkReadReg
nov 1/17:32:10.315 DEBUG2 : 		STLinkReadReg
nov 1/17:32:10.315 DEBUG2 : 		STLinkReadReg
nov 1/17:32:10.315 DEBUG2 : 		STLinkReadReg
nov 1/17:32:10.315 DEBUG2 : 		STLinkReadReg
nov 1/17:32:10.315 DEBUG2 : 		STLinkReadReg
nov 1/17:32:10.315 DEBUG2 : 		STLinkReadReg
nov 1/17:32:10.315 DEBUG2 : 		STLinkReadReg
nov 1/17:32:10.315 DEBUG2 : 		STLinkReadReg
nov 1/17:32:10.315 DEBUG2 : 		STLinkReadReg
nov 1/17:32:10.315 DEBUG2 : 		STLinkReadReg
nov 1/17:32:10.315 DEBUG2 : 		STLinkReadReg
nov 1/17:32:10.315 DEBUG2 : 		STLinkReadReg
nov 1/17:32:10.315 DEBUG2 : 		STLinkWriteReg
nov 1/17:32:10.316 DEBUG2 : 		ReadTarget16
nov 1/17:32:10.316 DEBUG2 : 		SetCodeBreak
nov 1/17:32:10.316 DEBUG2 : 		STLinkIsCpuHalted
nov 1/17:32:10.319 DEBUG2 : 		STLinkReadReg
nov 1/17:32:10.321 DEBUG2 : 		ReadTarget16
nov 1/17:32:10.322 DEBUG2 : 		ReadTarget32
nov 1/17:32:10.322 DEBUG2 : 		WriteTarget32 Address=0xE000EDFC Data=0x01000000
nov 1/17:32:10.323 DEBUG2 : 		ReadTarget32
nov 1/17:32:10.323 DEBUG2 : 		ReadTarget32
nov 1/17:32:10.323 DEBUG2 : 		ReadTarget32
nov 1/17:32:10.323 DEBUG2 : 		ReadTarget32
nov 1/17:32:10.324 DEBUG2 : 		WriteTarget32 Address=0xE000EDFC Data=0x01000000
nov 1/17:32:10.324 DEBUG2 : 		WriteTarget32 Address=0xE0001028 Data=0x00000000
nov 1/17:32:10.324 DEBUG2 : 		WriteTarget32 Address=0xE0001038 Data=0x00000000
nov 1/17:32:10.325 DEBUG2 : 		WriteTarget32 Address=0xE0001048 Data=0x00000000
nov 1/17:32:10.325 DEBUG2 : 		WriteTarget32 Address=0xE0001058 Data=0x00000000
nov 1/17:32:10.325 DEBUG2 : 		Go >
nov 1/17:32:10.327 DEBUG2 : 		Go <
nov 1/17:32:10.329 DEBUG2 : 		STLinkIsCpuHalted
nov 1/17:32:10.331 DEBUG2 : 		ReadTarget32
nov 1/17:32:10.331 DEBUG2 : 		WriteTarget32 Address=0xE000EDFC Data=0x01000000
nov 1/17:32:10.332 DEBUG2 : 		WriteTarget32 Address=0xE0001028 Data=0x00000000
nov 1/17:32:10.332 DEBUG2 : 		WriteTarget32 Address=0xE0001038 Data=0x00000000
nov 1/17:32:10.332 DEBUG2 : 		WriteTarget32 Address=0xE0001048 Data=0x00000000
nov 1/17:32:10.332 DEBUG2 : 		WriteTarget32 Address=0xE0001058 Data=0x00000000
nov 1/17:32:10.333 DEBUG2 : 		STLinkReadReg
nov 1/17:32:10.335 DEBUG2 : 		ReadTarget16
nov 1/17:32:10.336 DEBUG2 : 		ReadTarget32
nov 1/17:32:10.336 DEBUG2 : 		WriteTarget32 Address=0x20000400 Data=0x08000000
nov 1/17:32:10.337 DEBUG2 : 		WriteTarget32 Address=0x2001EF84 Data=0x00000000
nov 1/17:32:10.337 DEBUG2 : 		STLinkWriteReg
nov 1/17:32:10.338 DEBUG2 : 		STLinkReadReg
nov 1/17:32:10.340 DEBUG2 : 		STLinkReadReg
nov 1/17:32:10.340 DEBUG2 : 		STLinkReadReg
nov 1/17:32:10.340 DEBUG2 : 		STLinkReadReg
nov 1/17:32:10.340 DEBUG2 : 		STLinkReadReg
nov 1/17:32:10.340 DEBUG2 : 		STLinkReadReg
nov 1/17:32:10.340 DEBUG2 : 		STLinkReadReg
nov 1/17:32:10.340 DEBUG2 : 		STLinkReadReg
nov 1/17:32:10.340 DEBUG2 : 		STLinkReadReg
nov 1/17:32:10.340 DEBUG2 : 		STLinkReadReg
nov 1/17:32:10.340 DEBUG2 : 		STLinkReadReg
nov 1/17:32:10.340 DEBUG2 : 		STLinkReadReg
nov 1/17:32:10.340 DEBUG2 : 		STLinkReadReg
nov 1/17:32:10.340 DEBUG2 : 		STLinkReadReg
nov 1/17:32:10.340 DEBUG2 : 		STLinkReadReg
nov 1/17:32:10.340 DEBUG2 : 		STLinkReadReg
nov 1/17:32:10.340 DEBUG2 : 		STLinkReadReg
nov 1/17:32:10.340 DEBUG2 : 		STLinkReadReg
nov 1/17:32:10.341 DEBUG2 : 		STLinkReadReg
nov 1/17:32:10.341 DEBUG2 : 		STLinkWriteReg
nov 1/17:32:10.341 DEBUG2 : 		STLinkReadReg
nov 1/17:32:10.344 DEBUG2 : 		ReadTarget16
nov 1/17:32:10.344 DEBUG2 : 		ReadTarget32
nov 1/17:32:10.345 DEBUG2 : 		WriteTarget32 Address=0xE000EDFC Data=0x01000000
nov 1/17:32:10.345 DEBUG2 : 		WriteTarget32 Address=0xE0001028 Data=0x00000000
nov 1/17:32:10.345 DEBUG2 : 		WriteTarget32 Address=0xE0001038 Data=0x00000000
nov 1/17:32:10.346 DEBUG2 : 		WriteTarget32 Address=0xE0001048 Data=0x00000000
nov 1/17:32:10.346 DEBUG2 : 		WriteTarget32 Address=0xE0001058 Data=0x00000000
nov 1/17:32:10.346 DEBUG2 : 		Go >
nov 1/17:32:10.348 DEBUG2 : 		Go <
nov 1/17:32:10.350 DEBUG2 : 		STLinkIsCpuHalted
nov 1/17:32:10.352 DEBUG2 : 		STLinkIsCpuHalted
nov 1/17:32:10.354 DEBUG2 : 		STLinkIsCpuHalted
nov 1/17:32:10.356 DEBUG2 : 		STLinkIsCpuHalted
nov 1/17:32:10.358 DEBUG2 : 		STLinkIsCpuHalted
nov 1/17:32:10.360 DEBUG2 : 		STLinkIsCpuHalted
nov 1/17:32:10.362 DEBUG2 : 		STLinkIsCpuHalted
nov 1/17:32:10.364 DEBUG2 : 		STLinkIsCpuHalted
nov 1/17:32:10.366 DEBUG2 : 		STLinkIsCpuHalted
nov 1/17:32:10.368 DEBUG2 : 		STLinkIsCpuHalted
nov 1/17:32:10.370 DEBUG2 : 		STLinkIsCpuHalted
nov 1/17:32:10.372 DEBUG2 : 		STLinkIsCpuHalted
nov 1/17:32:10.374 DEBUG2 : 		STLinkIsCpuHalted
nov 1/17:32:10.376 DEBUG2 : 		STLinkIsCpuHalted
nov 1/17:32:10.378 DEBUG2 : 		STLinkIsCpuHalted
nov 1/17:32:10.380 DEBUG2 : 		STLinkIsCpuHalted
nov 1/17:32:10.382 DEBUG2 : 		STLinkIsCpuHalted
nov 1/17:32:10.384 DEBUG2 : 		STLinkIsCpuHalted
nov 1/17:32:10.386 DEBUG2 : 		STLinkIsCpuHalted
nov 1/17:32:10.388 DEBUG2 : 		STLinkIsCpuHalted
nov 1/17:32:10.390 DEBUG2 : 		STLinkIsCpuHalted
nov 1/17:32:10.392 DEBUG2 : 		STLinkIsCpuHalted
nov 1/17:32:10.394 DEBUG2 : 		STLinkIsCpuHalted
nov 1/17:32:10.396 DEBUG2 : 		STLinkIsCpuHalted
nov 1/17:32:10.398 DEBUG2 : 		STLinkIsCpuHalted
nov 1/17:32:10.400 DEBUG2 : 		STLinkIsCpuHalted
nov 1/17:32:10.402 DEBUG2 : 		STLinkIsCpuHalted
nov 1/17:32:10.405 DEBUG2 : 		STLinkIsCpuHalted
nov 1/17:32:10.406 DEBUG2 : 		STLinkIsCpuHalted
nov 1/17:32:10.409 DEBUG2 : 		STLinkIsCpuHalted
nov 1/17:32:10.411 DEBUG2 : 		STLinkIsCpuHalted
nov 1/17:32:10.412 DEBUG2 : 		STLinkIsCpuHalted
nov 1/17:32:10.415 DEBUG2 : 		STLinkIsCpuHalted
nov 1/17:32:10.416 DEBUG2 : 		STLinkIsCpuHalted
nov 1/17:32:10.419 DEBUG2 : 		STLinkIsCpuHalted
nov 1/17:32:10.421 DEBUG2 : 		STLinkIsCpuHalted
nov 1/17:32:10.422 DEBUG2 : 		STLinkIsCpuHalted
nov 1/17:32:10.425 DEBUG2 : 		STLinkIsCpuHalted
nov 1/17:32:10.426 DEBUG2 : 		STLinkIsCpuHalted
nov 1/17:32:10.428 DEBUG2 : 		STLinkIsCpuHalted
nov 1/17:32:10.430 DEBUG2 : 		STLinkIsCpuHalted
nov 1/17:32:10.432 DEBUG2 : 		STLinkIsCpuHalted
nov 1/17:32:10.434 DEBUG2 : 		STLinkIsCpuHalted
nov 1/17:32:10.436 DEBUG2 : 		STLinkIsCpuHalted
nov 1/17:32:10.438 DEBUG2 : 		STLinkIsCpuHalted
nov 1/17:32:10.440 DEBUG2 : 		STLinkIsCpuHalted
nov 1/17:32:10.442 DEBUG2 : 		STLinkIsCpuHalted
nov 1/17:32:10.444 DEBUG2 : 		STLinkIsCpuHalted
nov 1/17:32:10.446 DEBUG2 : 		STLinkIsCpuHalted
nov 1/17:32:10.448 DEBUG2 : 		STLinkIsCpuHalted
nov 1/17:32:10.450 DEBUG2 : 		STLinkIsCpuHalted
nov 1/17:32:10.452 DEBUG2 : 		STLinkIsCpuHalted
nov 1/17:32:10.454 DEBUG2 : 		STLinkIsCpuHalted
nov 1/17:32:10.456 DEBUG2 : 		STLinkIsCpuHalted
nov 1/17:32:10.458 DEBUG2 : 		STLinkIsCpuHalted
nov 1/17:32:10.460 DEBUG2 : 		STLinkIsCpuHalted
nov 1/17:32:10.462 DEBUG2 : 		STLinkIsCpuHalted
nov 1/17:32:10.464 DEBUG2 : 		STLinkIsCpuHalted
nov 1/17:32:10.466 DEBUG2 : 		STLinkIsCpuHalted
nov 1/17:32:10.468 DEBUG2 : 		STLinkIsCpuHalted
nov 1/17:32:10.470 DEBUG2 : 		STLinkIsCpuHalted
nov 1/17:32:10.472 DEBUG2 : 		STLinkIsCpuHalted
nov 1/17:32:10.474 DEBUG2 : 		STLinkIsCpuHalted
nov 1/17:32:10.476 DEBUG2 : 		STLinkIsCpuHalted
nov 1/17:32:10.478 DEBUG2 : 		STLinkIsCpuHalted
nov 1/17:32:10.480 DEBUG2 : 		STLinkIsCpuHalted
nov 1/17:32:10.482 DEBUG2 : 		STLinkIsCpuHalted
nov 1/17:32:10.484 DEBUG2 : 		STLinkIsCpuHalted
nov 1/17:32:10.486 DEBUG2 : 		STLinkIsCpuHalted
nov 1/17:32:10.488 DEBUG2 : 		STLinkIsCpuHalted
nov 1/17:32:10.490 DEBUG2 : 		STLinkIsCpuHalted
nov 1/17:32:10.492 DEBUG2 : 		STLinkIsCpuHalted
nov 1/17:32:10.494 DEBUG2 : 		STLinkIsCpuHalted
nov 1/17:32:10.496 DEBUG2 : 		STLinkIsCpuHalted
nov 1/17:32:10.497 DEBUG2 : 		STLinkIsCpuHalted
nov 1/17:32:10.499 DEBUG2 : 		STLinkIsCpuHalted
nov 1/17:32:10.501 DEBUG2 : 		STLinkIsCpuHalted
nov 1/17:32:10.503 DEBUG2 : 		STLinkIsCpuHalted
nov 1/17:32:10.505 DEBUG2 : 		STLinkIsCpuHalted
nov 1/17:32:10.507 DEBUG2 : 		STLinkIsCpuHalted
nov 1/17:32:10.509 DEBUG2 : 		STLinkIsCpuHalted
nov 1/17:32:10.511 DEBUG2 : 		STLinkIsCpuHalted
nov 1/17:32:10.513 DEBUG2 : 		STLinkIsCpuHalted
nov 1/17:32:10.515 DEBUG2 : 		STLinkIsCpuHalted
nov 1/17:32:10.517 DEBUG2 : 		STLinkIsCpuHalted
nov 1/17:32:10.519 DEBUG2 : 		STLinkIsCpuHalted
nov 1/17:32:10.521 DEBUG2 : 		STLinkIsCpuHalted
nov 1/17:32:10.523 DEBUG2 : 		STLinkIsCpuHalted
nov 1/17:32:10.525 DEBUG2 : 		STLinkIsCpuHalted
nov 1/17:32:10.527 DEBUG2 : 		STLinkIsCpuHalted
nov 1/17:32:10.529 DEBUG2 : 		STLinkIsCpuHalted
nov 1/17:32:10.531 DEBUG2 : 		STLinkIsCpuHalted
nov 1/17:32:10.533 DEBUG2 : 		STLinkIsCpuHalted
nov 1/17:32:10.535 DEBUG2 : 		STLinkIsCpuHalted
nov 1/17:32:10.537 DEBUG2 : 		STLinkIsCpuHalted
nov 1/17:32:10.539 DEBUG2 : 		STLinkIsCpuHalted
nov 1/17:32:10.541 DEBUG2 : 		STLinkIsCpuHalted
nov 1/17:32:10.543 DEBUG2 : 		STLinkIsCpuHalted
nov 1/17:32:10.545 DEBUG2 : 		STLinkIsCpuHalted
nov 1/17:32:10.547 DEBUG2 : 		STLinkIsCpuHalted
nov 1/17:32:10.549 DEBUG2 : 		STLinkIsCpuHalted
nov 1/17:32:10.551 DEBUG2 : 		STLinkIsCpuHalted
nov 1/17:32:10.553 DEBUG2 : 		STLinkIsCpuHalted
nov 1/17:32:10.555 DEBUG2 : 		STLinkIsCpuHalted
nov 1/17:32:10.557 DEBUG2 : 		STLinkIsCpuHalted
nov 1/17:32:10.559 DEBUG2 : 		STLinkIsCpuHalted
nov 1/17:32:10.561 DEBUG2 : 		STLinkIsCpuHalted
nov 1/17:32:10.563 DEBUG2 : 		STLinkIsCpuHalted
nov 1/17:32:10.565 DEBUG2 : 		STLinkIsCpuHalted
nov 1/17:32:10.567 DEBUG2 : 		STLinkIsCpuHalted
nov 1/17:32:10.569 DEBUG2 : 		STLinkIsCpuHalted
nov 1/17:32:10.571 DEBUG2 : 		STLinkIsCpuHalted
nov 1/17:32:10.573 DEBUG2 : 		STLinkIsCpuHalted
nov 1/17:32:10.575 DEBUG2 : 		STLinkIsCpuHalted
nov 1/17:32:10.577 DEBUG2 : 		STLinkIsCpuHalted
nov 1/17:32:10.579 DEBUG2 : 		STLinkIsCpuHalted
nov 1/17:32:10.581 DEBUG2 : 		STLinkIsCpuHalted
nov 1/17:32:10.583 DEBUG2 : 		STLinkIsCpuHalted
nov 1/17:32:10.585 DEBUG2 : 		STLinkIsCpuHalted
nov 1/17:32:10.587 DEBUG2 : 		STLinkIsCpuHalted
nov 1/17:32:10.589 DEBUG2 : 		STLinkIsCpuHalted
nov 1/17:32:10.590 DEBUG2 : 		STLinkIsCpuHalted
nov 1/17:32:10.592 DEBUG2 : 		STLinkIsCpuHalted
nov 1/17:32:10.594 DEBUG2 : 		STLinkIsCpuHalted
nov 1/17:32:10.596 DEBUG2 : 		STLinkIsCpuHalted
nov 1/17:32:10.598 DEBUG2 : 		STLinkIsCpuHalted
nov 1/17:32:10.600 DEBUG2 : 		STLinkIsCpuHalted
nov 1/17:32:10.602 DEBUG2 : 		STLinkIsCpuHalted
nov 1/17:32:10.604 DEBUG2 : 		STLinkIsCpuHalted
nov 1/17:32:10.606 DEBUG2 : 		STLinkIsCpuHalted
nov 1/17:32:10.608 DEBUG2 : 		STLinkIsCpuHalted
nov 1/17:32:10.610 DEBUG2 : 		STLinkIsCpuHalted
nov 1/17:32:10.612 DEBUG2 : 		STLinkIsCpuHalted
nov 1/17:32:10.614 DEBUG2 : 		STLinkIsCpuHalted
nov 1/17:32:10.616 DEBUG2 : 		STLinkIsCpuHalted
nov 1/17:32:10.618 DEBUG2 : 		STLinkIsCpuHalted
nov 1/17:32:10.620 DEBUG2 : 		STLinkIsCpuHalted
nov 1/17:32:10.622 DEBUG2 : 		STLinkIsCpuHalted
nov 1/17:32:10.624 DEBUG2 : 		STLinkIsCpuHalted
nov 1/17:32:10.626 DEBUG2 : 		STLinkIsCpuHalted
nov 1/17:32:10.628 DEBUG2 : 		STLinkIsCpuHalted
nov 1/17:32:10.630 DEBUG2 : 		STLinkIsCpuHalted
nov 1/17:32:10.632 DEBUG2 : 		STLinkIsCpuHalted
nov 1/17:32:10.634 DEBUG2 : 		STLinkIsCpuHalted
nov 1/17:32:10.636 DEBUG2 : 		STLinkIsCpuHalted
nov 1/17:32:10.637 DEBUG2 : 		STLinkIsCpuHalted
nov 1/17:32:10.639 DEBUG2 : 		STLinkIsCpuHalted
nov 1/17:32:10.641 DEBUG2 : 		STLinkIsCpuHalted
nov 1/17:32:10.643 DEBUG2 : 		STLinkIsCpuHalted
nov 1/17:32:10.645 DEBUG2 : 		STLinkIsCpuHalted
nov 1/17:32:10.647 DEBUG2 : 		STLinkIsCpuHalted
nov 1/17:32:10.648 DEBUG2 : 		STLinkIsCpuHalted
nov 1/17:32:10.650 DEBUG2 : 		STLinkIsCpuHalted
nov 1/17:32:10.652 DEBUG2 : 		STLinkIsCpuHalted
nov 1/17:32:10.654 DEBUG2 : 		STLinkIsCpuHalted
nov 1/17:32:10.656 DEBUG2 : 		STLinkIsCpuHalted
nov 1/17:32:10.658 DEBUG2 : 		STLinkIsCpuHalted
nov 1/17:32:10.660 DEBUG2 : 		STLinkIsCpuHalted
nov 1/17:32:10.662 DEBUG2 : 		STLinkIsCpuHalted
nov 1/17:32:10.664 DEBUG2 : 		STLinkIsCpuHalted
nov 1/17:32:10.666 DEBUG2 : 		STLinkIsCpuHalted
nov 1/17:32:10.668 DEBUG2 : 		STLinkIsCpuHalted
nov 1/17:32:10.670 DEBUG2 : 		STLinkIsCpuHalted
nov 1/17:32:10.672 DEBUG2 : 		STLinkIsCpuHalted
nov 1/17:32:10.674 DEBUG2 : 		STLinkIsCpuHalted
nov 1/17:32:10.676 DEBUG2 : 		STLinkIsCpuHalted
nov 1/17:32:10.678 DEBUG2 : 		STLinkIsCpuHalted
nov 1/17:32:10.679 DEBUG2 : 		STLinkIsCpuHalted
nov 1/17:32:10.681 DEBUG2 : 		STLinkIsCpuHalted
nov 1/17:32:10.683 DEBUG2 : 		STLinkIsCpuHalted
nov 1/17:32:10.685 DEBUG2 : 		STLinkIsCpuHalted
nov 1/17:32:10.687 DEBUG2 : 		STLinkIsCpuHalted
nov 1/17:32:10.689 DEBUG2 : 		STLinkIsCpuHalted
nov 1/17:32:10.691 DEBUG2 : 		STLinkIsCpuHalted
nov 1/17:32:10.693 DEBUG2 : 		STLinkIsCpuHalted
nov 1/17:32:10.695 DEBUG2 : 		STLinkIsCpuHalted
nov 1/17:32:10.697 DEBUG2 : 		STLinkIsCpuHalted
nov 1/17:32:10.699 DEBUG2 : 		STLinkIsCpuHalted
nov 1/17:32:10.701 DEBUG2 : 		STLinkIsCpuHalted
nov 1/17:32:10.703 DEBUG2 : 		STLinkIsCpuHalted
nov 1/17:32:10.706 DEBUG2 : 		STLinkIsCpuHalted
nov 1/17:32:10.707 DEBUG2 : 		STLinkIsCpuHalted
nov 1/17:32:10.709 DEBUG2 : 		STLinkIsCpuHalted
nov 1/17:32:10.711 DEBUG2 : 		STLinkIsCpuHalted
nov 1/17:32:10.713 DEBUG2 : 		STLinkIsCpuHalted
nov 1/17:32:10.715 DEBUG2 : 		STLinkIsCpuHalted
nov 1/17:32:10.717 DEBUG2 : 		STLinkIsCpuHalted
nov 1/17:32:10.719 DEBUG2 : 		STLinkIsCpuHalted
nov 1/17:32:10.721 DEBUG2 : 		STLinkIsCpuHalted
nov 1/17:32:10.723 DEBUG2 : 		STLinkIsCpuHalted
nov 1/17:32:10.725 DEBUG2 : 		STLinkIsCpuHalted
nov 1/17:32:10.727 DEBUG2 : 		STLinkIsCpuHalted
nov 1/17:32:10.729 DEBUG2 : 		STLinkIsCpuHalted
nov 1/17:32:10.732 DEBUG2 : 		STLinkIsCpuHalted
nov 1/17:32:10.734 DEBUG2 : 		STLinkIsCpuHalted
nov 1/17:32:10.736 DEBUG2 : 		STLinkIsCpuHalted
nov 1/17:32:10.738 DEBUG2 : 		STLinkIsCpuHalted
nov 1/17:32:10.740 DEBUG2 : 		STLinkIsCpuHalted
nov 1/17:32:10.741 DEBUG2 : 		STLinkIsCpuHalted
nov 1/17:32:10.743 DEBUG2 : 		STLinkIsCpuHalted
nov 1/17:32:10.745 DEBUG2 : 		STLinkIsCpuHalted
nov 1/17:32:10.747 DEBUG2 : 		STLinkIsCpuHalted
nov 1/17:32:10.749 DEBUG2 : 		STLinkIsCpuHalted
nov 1/17:32:10.751 DEBUG2 : 		STLinkIsCpuHalted
nov 1/17:32:10.753 DEBUG2 : 		STLinkIsCpuHalted
nov 1/17:32:10.755 DEBUG2 : 		STLinkIsCpuHalted
nov 1/17:32:10.757 DEBUG2 : 		STLinkIsCpuHalted
nov 1/17:32:10.759 DEBUG2 : 		STLinkIsCpuHalted
nov 1/17:32:10.761 DEBUG2 : 		STLinkIsCpuHalted
nov 1/17:32:10.763 DEBUG2 : 		STLinkIsCpuHalted
nov 1/17:32:10.765 DEBUG2 : 		STLinkIsCpuHalted
nov 1/17:32:10.767 DEBUG2 : 		STLinkIsCpuHalted
nov 1/17:32:10.769 DEBUG2 : 		STLinkIsCpuHalted
nov 1/17:32:10.771 DEBUG2 : 		STLinkIsCpuHalted
nov 1/17:32:10.773 DEBUG2 : 		STLinkIsCpuHalted
nov 1/17:32:10.775 DEBUG2 : 		STLinkIsCpuHalted
nov 1/17:32:10.776 DEBUG2 : 		STLinkIsCpuHalted
nov 1/17:32:10.778 DEBUG2 : 		STLinkIsCpuHalted
nov 1/17:32:10.780 DEBUG2 : 		STLinkIsCpuHalted
nov 1/17:32:10.782 DEBUG2 : 		STLinkIsCpuHalted
nov 1/17:32:10.784 DEBUG2 : 		STLinkIsCpuHalted
nov 1/17:32:10.786 DEBUG2 : 		STLinkIsCpuHalted
nov 1/17:32:10.788 DEBUG2 : 		STLinkIsCpuHalted
nov 1/17:32:10.789 DEBUG2 : 		STLinkIsCpuHalted
nov 1/17:32:10.792 DEBUG2 : 		STLinkIsCpuHalted
nov 1/17:32:10.793 DEBUG2 : 		STLinkIsCpuHalted
nov 1/17:32:10.795 DEBUG2 : 		STLinkIsCpuHalted
nov 1/17:32:10.797 DEBUG2 : 		STLinkIsCpuHalted
nov 1/17:32:10.799 DEBUG2 : 		STLinkIsCpuHalted
nov 1/17:32:10.801 DEBUG2 : 		STLinkIsCpuHalted
nov 1/17:32:10.803 DEBUG2 : 		STLinkIsCpuHalted
nov 1/17:32:10.805 DEBUG2 : 		STLinkIsCpuHalted
nov 1/17:32:10.807 DEBUG2 : 		STLinkIsCpuHalted
nov 1/17:32:10.809 DEBUG2 : 		STLinkIsCpuHalted
nov 1/17:32:10.811 DEBUG2 : 		STLinkIsCpuHalted
nov 1/17:32:10.813 DEBUG2 : 		STLinkIsCpuHalted
nov 1/17:32:10.815 DEBUG2 : 		STLinkIsCpuHalted
nov 1/17:32:10.817 DEBUG2 : 		STLinkIsCpuHalted
nov 1/17:32:10.819 DEBUG2 : 		STLinkIsCpuHalted
nov 1/17:32:10.821 DEBUG2 : 		STLinkIsCpuHalted
nov 1/17:32:10.823 DEBUG2 : 		STLinkIsCpuHalted
nov 1/17:32:10.825 DEBUG2 : 		STLinkIsCpuHalted
nov 1/17:32:10.827 DEBUG2 : 		STLinkIsCpuHalted
nov 1/17:32:10.829 DEBUG2 : 		STLinkIsCpuHalted
nov 1/17:32:10.831 DEBUG2 : 		STLinkIsCpuHalted
nov 1/17:32:10.833 DEBUG2 : 		STLinkIsCpuHalted
nov 1/17:32:10.835 DEBUG2 : 		STLinkIsCpuHalted
nov 1/17:32:10.837 DEBUG2 : 		STLinkIsCpuHalted
nov 1/17:32:10.839 DEBUG2 : 		STLinkIsCpuHalted
nov 1/17:32:10.841 DEBUG2 : 		STLinkIsCpuHalted
nov 1/17:32:10.843 DEBUG2 : 		STLinkIsCpuHalted
nov 1/17:32:10.845 DEBUG2 : 		STLinkIsCpuHalted
nov 1/17:32:10.847 DEBUG2 : 		STLinkIsCpuHalted
nov 1/17:32:10.849 DEBUG2 : 		STLinkIsCpuHalted
nov 1/17:32:10.851 DEBUG2 : 		STLinkIsCpuHalted
nov 1/17:32:10.853 DEBUG2 : 		STLinkIsCpuHalted
nov 1/17:32:10.855 DEBUG2 : 		STLinkIsCpuHalted
nov 1/17:32:10.857 DEBUG2 : 		STLinkIsCpuHalted
nov 1/17:32:10.859 DEBUG2 : 		STLinkIsCpuHalted
nov 1/17:32:10.861 DEBUG2 : 		STLinkIsCpuHalted
nov 1/17:32:10.863 DEBUG2 : 		STLinkIsCpuHalted
nov 1/17:32:10.865 DEBUG2 : 		STLinkIsCpuHalted
nov 1/17:32:10.867 DEBUG2 : 		STLinkIsCpuHalted
nov 1/17:32:10.869 DEBUG2 : 		STLinkIsCpuHalted
nov 1/17:32:10.871 DEBUG2 : 		STLinkIsCpuHalted
nov 1/17:32:10.873 DEBUG2 : 		STLinkIsCpuHalted
nov 1/17:32:10.875 DEBUG2 : 		STLinkIsCpuHalted
nov 1/17:32:10.877 DEBUG2 : 		STLinkIsCpuHalted
nov 1/17:32:10.879 DEBUG2 : 		STLinkIsCpuHalted
nov 1/17:32:10.881 DEBUG2 : 		STLinkIsCpuHalted
nov 1/17:32:10.883 DEBUG2 : 		STLinkIsCpuHalted
nov 1/17:32:10.885 DEBUG2 : 		STLinkIsCpuHalted
nov 1/17:32:10.887 DEBUG2 : 		STLinkIsCpuHalted
nov 1/17:32:10.889 DEBUG2 : 		STLinkIsCpuHalted
nov 1/17:32:10.891 DEBUG2 : 		STLinkIsCpuHalted
nov 1/17:32:10.893 DEBUG2 : 		STLinkIsCpuHalted
nov 1/17:32:10.895 DEBUG2 : 		STLinkIsCpuHalted
nov 1/17:32:10.897 DEBUG2 : 		STLinkIsCpuHalted
nov 1/17:32:10.899 DEBUG2 : 		STLinkIsCpuHalted
nov 1/17:32:10.901 DEBUG2 : 		STLinkIsCpuHalted
nov 1/17:32:10.903 DEBUG2 : 		STLinkIsCpuHalted
nov 1/17:32:10.905 DEBUG2 : 		STLinkIsCpuHalted
nov 1/17:32:10.907 DEBUG2 : 		STLinkIsCpuHalted
nov 1/17:32:10.909 DEBUG2 : 		STLinkIsCpuHalted
nov 1/17:32:10.911 DEBUG2 : 		STLinkIsCpuHalted
nov 1/17:32:10.913 DEBUG2 : 		STLinkIsCpuHalted
nov 1/17:32:10.915 DEBUG2 : 		STLinkIsCpuHalted
nov 1/17:32:10.917 DEBUG2 : 		STLinkIsCpuHalted
nov 1/17:32:10.919 DEBUG2 : 		STLinkIsCpuHalted
nov 1/17:32:10.921 DEBUG2 : 		STLinkIsCpuHalted
nov 1/17:32:10.923 DEBUG2 : 		STLinkIsCpuHalted
nov 1/17:32:10.925 DEBUG2 : 		STLinkIsCpuHalted
nov 1/17:32:10.927 DEBUG2 : 		STLinkIsCpuHalted
nov 1/17:32:10.929 DEBUG2 : 		STLinkIsCpuHalted
nov 1/17:32:10.931 DEBUG2 : 		STLinkIsCpuHalted
nov 1/17:32:10.933 DEBUG2 : 		STLinkIsCpuHalted
nov 1/17:32:10.935 DEBUG2 : 		STLinkIsCpuHalted
nov 1/17:32:10.937 DEBUG2 : 		STLinkIsCpuHalted
nov 1/17:32:10.939 DEBUG2 : 		STLinkIsCpuHalted
nov 1/17:32:10.941 DEBUG2 : 		STLinkIsCpuHalted
nov 1/17:32:10.943 DEBUG2 : 		STLinkIsCpuHalted
nov 1/17:32:10.945 DEBUG2 : 		STLinkIsCpuHalted
nov 1/17:32:10.947 DEBUG2 : 		STLinkIsCpuHalted
nov 1/17:32:10.949 DEBUG2 : 		STLinkIsCpuHalted
nov 1/17:32:10.951 DEBUG2 : 		STLinkIsCpuHalted
nov 1/17:32:10.953 DEBUG2 : 		STLinkIsCpuHalted
nov 1/17:32:10.955 DEBUG2 : 		STLinkIsCpuHalted
nov 1/17:32:10.957 DEBUG2 : 		STLinkIsCpuHalted
nov 1/17:32:10.959 DEBUG2 : 		STLinkIsCpuHalted
nov 1/17:32:10.961 DEBUG2 : 		STLinkIsCpuHalted
nov 1/17:32:10.963 DEBUG2 : 		STLinkIsCpuHalted
nov 1/17:32:10.965 DEBUG2 : 		STLinkIsCpuHalted
nov 1/17:32:10.967 DEBUG2 : 		STLinkIsCpuHalted
nov 1/17:32:10.969 DEBUG2 : 		STLinkIsCpuHalted
nov 1/17:32:10.971 DEBUG2 : 		STLinkIsCpuHalted
nov 1/17:32:10.973 DEBUG2 : 		STLinkIsCpuHalted
nov 1/17:32:10.975 DEBUG2 : 		STLinkIsCpuHalted
nov 1/17:32:10.977 DEBUG2 : 		STLinkIsCpuHalted
nov 1/17:32:10.979 DEBUG2 : 		STLinkIsCpuHalted
nov 1/17:32:10.981 DEBUG2 : 		STLinkIsCpuHalted
nov 1/17:32:10.983 DEBUG2 : 		STLinkIsCpuHalted
nov 1/17:32:10.985 DEBUG2 : 		STLinkIsCpuHalted
nov 1/17:32:10.987 DEBUG2 : 		STLinkIsCpuHalted
nov 1/17:32:10.989 DEBUG2 : 		STLinkIsCpuHalted
nov 1/17:32:10.991 DEBUG2 : 		STLinkIsCpuHalted
nov 1/17:32:10.993 DEBUG2 : 		STLinkIsCpuHalted
nov 1/17:32:10.995 DEBUG2 : 		STLinkIsCpuHalted
nov 1/17:32:10.997 DEBUG2 : 		STLinkIsCpuHalted
nov 1/17:32:10.999 DEBUG2 : 		STLinkIsCpuHalted
nov 1/17:32:11.001 DEBUG2 : 		STLinkIsCpuHalted
nov 1/17:32:11.003 DEBUG2 : 		STLinkIsCpuHalted
nov 1/17:32:11.005 DEBUG2 : 		STLinkIsCpuHalted
nov 1/17:32:11.007 DEBUG2 : 		STLinkIsCpuHalted
nov 1/17:32:11.009 DEBUG2 : 		STLinkIsCpuHalted
nov 1/17:32:11.011 DEBUG2 : 		STLinkIsCpuHalted
nov 1/17:32:11.013 DEBUG2 : 		STLinkIsCpuHalted
nov 1/17:32:11.015 DEBUG2 : 		STLinkIsCpuHalted
nov 1/17:32:11.017 DEBUG2 : 		STLinkIsCpuHalted
nov 1/17:32:11.019 DEBUG2 : 		STLinkIsCpuHalted
nov 1/17:32:11.021 DEBUG2 : 		STLinkIsCpuHalted
nov 1/17:32:11.023 DEBUG2 : 		STLinkIsCpuHalted
nov 1/17:32:11.025 DEBUG2 : 		STLinkIsCpuHalted
nov 1/17:32:11.027 DEBUG2 : 		STLinkIsCpuHalted
nov 1/17:32:11.029 DEBUG2 : 		STLinkIsCpuHalted
nov 1/17:32:11.031 DEBUG2 : 		STLinkIsCpuHalted
nov 1/17:32:11.033 DEBUG2 : 		STLinkIsCpuHalted
nov 1/17:32:11.035 DEBUG2 : 		STLinkIsCpuHalted
nov 1/17:32:11.036 DEBUG2 : 		STLinkIsCpuHalted
nov 1/17:32:11.038 DEBUG2 : 		STLinkIsCpuHalted
nov 1/17:32:11.040 DEBUG2 : 		STLinkIsCpuHalted
nov 1/17:32:11.042 DEBUG2 : 		STLinkIsCpuHalted
nov 1/17:32:11.044 DEBUG2 : 		STLinkIsCpuHalted
nov 1/17:32:11.046 DEBUG2 : 		STLinkIsCpuHalted
nov 1/17:32:11.049 DEBUG2 : 		STLinkIsCpuHalted
nov 1/17:32:11.051 DEBUG2 : 		STLinkIsCpuHalted
nov 1/17:32:11.052 DEBUG2 : 		STLinkIsCpuHalted
nov 1/17:32:11.055 DEBUG2 : 		STLinkIsCpuHalted
nov 1/17:32:11.057 DEBUG2 : 		STLinkIsCpuHalted
nov 1/17:32:11.059 DEBUG2 : 		STLinkIsCpuHalted
nov 1/17:32:11.061 DEBUG2 : 		STLinkIsCpuHalted
nov 1/17:32:11.063 DEBUG2 : 		STLinkIsCpuHalted
nov 1/17:32:11.065 DEBUG2 : 		STLinkIsCpuHalted
nov 1/17:32:11.066 DEBUG2 : 		STLinkIsCpuHalted
nov 1/17:32:11.068 DEBUG2 : 		STLinkIsCpuHalted
nov 1/17:32:11.071 DEBUG2 : 		STLinkIsCpuHalted
nov 1/17:32:11.073 DEBUG2 : 		STLinkIsCpuHalted
nov 1/17:32:11.075 DEBUG2 : 		STLinkIsCpuHalted
nov 1/17:32:11.077 DEBUG2 : 		STLinkIsCpuHalted
nov 1/17:32:11.079 DEBUG2 : 		STLinkIsCpuHalted
nov 1/17:32:11.081 DEBUG2 : 		STLinkIsCpuHalted
nov 1/17:32:11.083 DEBUG2 : 		STLinkIsCpuHalted
nov 1/17:32:11.085 DEBUG2 : 		STLinkIsCpuHalted
nov 1/17:32:11.087 DEBUG2 : 		STLinkIsCpuHalted
nov 1/17:32:11.089 DEBUG2 : 		STLinkIsCpuHalted
nov 1/17:32:11.091 DEBUG2 : 		STLinkIsCpuHalted
nov 1/17:32:11.093 DEBUG2 : 		STLinkIsCpuHalted
nov 1/17:32:11.095 DEBUG2 : 		STLinkIsCpuHalted
nov 1/17:32:11.097 DEBUG2 : 		STLinkIsCpuHalted
nov 1/17:32:11.099 DEBUG2 : 		STLinkIsCpuHalted
nov 1/17:32:11.100 DEBUG2 : 		STLinkIsCpuHalted
nov 1/17:32:11.103 DEBUG2 : 		STLinkIsCpuHalted
nov 1/17:32:11.105 DEBUG2 : 		STLinkIsCpuHalted
nov 1/17:32:11.107 DEBUG2 : 		STLinkIsCpuHalted
nov 1/17:32:11.109 DEBUG2 : 		STLinkIsCpuHalted
nov 1/17:32:11.111 DEBUG2 : 		STLinkIsCpuHalted
nov 1/17:32:11.113 DEBUG2 : 		STLinkIsCpuHalted
nov 1/17:32:11.115 DEBUG2 : 		STLinkIsCpuHalted
nov 1/17:32:11.116 DEBUG2 : 		STLinkIsCpuHalted
nov 1/17:32:11.118 DEBUG2 : 		STLinkIsCpuHalted
nov 1/17:32:11.120 DEBUG2 : 		STLinkIsCpuHalted
nov 1/17:32:11.122 DEBUG2 : 		STLinkIsCpuHalted
nov 1/17:32:11.124 DEBUG2 : 		STLinkIsCpuHalted
nov 1/17:32:11.126 DEBUG2 : 		STLinkIsCpuHalted
nov 1/17:32:11.128 DEBUG2 : 		STLinkIsCpuHalted
nov 1/17:32:11.129 DEBUG2 : 		STLinkIsCpuHalted
nov 1/17:32:11.131 DEBUG2 : 		STLinkIsCpuHalted
nov 1/17:32:11.133 DEBUG2 : 		STLinkIsCpuHalted
nov 1/17:32:11.135 DEBUG2 : 		STLinkIsCpuHalted
nov 1/17:32:11.137 DEBUG2 : 		STLinkIsCpuHalted
nov 1/17:32:11.139 DEBUG2 : 		STLinkIsCpuHalted
nov 1/17:32:11.141 DEBUG2 : 		STLinkIsCpuHalted
nov 1/17:32:11.143 DEBUG2 : 		STLinkIsCpuHalted
nov 1/17:32:11.145 DEBUG2 : 		STLinkIsCpuHalted
nov 1/17:32:11.147 DEBUG2 : 		STLinkIsCpuHalted
nov 1/17:32:11.149 DEBUG2 : 		STLinkIsCpuHalted
nov 1/17:32:11.151 DEBUG2 : 		STLinkIsCpuHalted
nov 1/17:32:11.153 DEBUG2 : 		STLinkIsCpuHalted
nov 1/17:32:11.155 DEBUG2 : 		STLinkIsCpuHalted
nov 1/17:32:11.157 DEBUG2 : 		STLinkIsCpuHalted
nov 1/17:32:11.160 DEBUG2 : 		STLinkIsCpuHalted
nov 1/17:32:11.162 DEBUG2 : 		STLinkIsCpuHalted
nov 1/17:32:11.163 DEBUG2 : 		STLinkIsCpuHalted
nov 1/17:32:11.165 DEBUG2 : 		STLinkIsCpuHalted
nov 1/17:32:11.167 DEBUG2 : 		STLinkIsCpuHalted
nov 1/17:32:11.169 DEBUG2 : 		STLinkIsCpuHalted
nov 1/17:32:11.171 DEBUG2 : 		STLinkIsCpuHalted
nov 1/17:32:11.173 DEBUG2 : 		STLinkIsCpuHalted
nov 1/17:32:11.175 DEBUG2 : 		STLinkIsCpuHalted
nov 1/17:32:11.177 DEBUG2 : 		STLinkIsCpuHalted
nov 1/17:32:11.178 DEBUG2 : 		STLinkIsCpuHalted
nov 1/17:32:11.180 DEBUG2 : 		STLinkIsCpuHalted
nov 1/17:32:11.182 DEBUG2 : 		STLinkIsCpuHalted
nov 1/17:32:11.184 DEBUG2 : 		STLinkIsCpuHalted
nov 1/17:32:11.186 DEBUG2 : 		STLinkIsCpuHalted
nov 1/17:32:11.187 DEBUG2 : 		STLinkIsCpuHalted
nov 1/17:32:11.189 DEBUG2 : 		STLinkIsCpuHalted
nov 1/17:32:11.191 DEBUG2 : 		STLinkIsCpuHalted
nov 1/17:32:11.193 DEBUG2 : 		STLinkIsCpuHalted
nov 1/17:32:11.195 DEBUG2 : 		STLinkIsCpuHalted
nov 1/17:32:11.197 DEBUG2 : 		STLinkIsCpuHalted
nov 1/17:32:11.199 DEBUG2 : 		STLinkIsCpuHalted
nov 1/17:32:11.201 DEBUG2 : 		STLinkIsCpuHalted
nov 1/17:32:11.203 DEBUG2 : 		STLinkIsCpuHalted
nov 1/17:32:11.205 DEBUG2 : 		STLinkIsCpuHalted
nov 1/17:32:11.207 DEBUG2 : 		STLinkIsCpuHalted
nov 1/17:32:11.209 DEBUG2 : 		STLinkIsCpuHalted
nov 1/17:32:11.211 DEBUG2 : 		STLinkIsCpuHalted
nov 1/17:32:11.213 DEBUG2 : 		STLinkIsCpuHalted
nov 1/17:32:11.216 DEBUG2 : 		STLinkIsCpuHalted
nov 1/17:32:11.218 DEBUG2 : 		STLinkIsCpuHalted
nov 1/17:32:11.220 DEBUG2 : 		STLinkIsCpuHalted
nov 1/17:32:11.222 DEBUG2 : 		STLinkIsCpuHalted
nov 1/17:32:11.224 DEBUG2 : 		STLinkIsCpuHalted
nov 1/17:32:11.226 DEBUG2 : 		STLinkIsCpuHalted
nov 1/17:32:11.228 DEBUG2 : 		STLinkIsCpuHalted
nov 1/17:32:11.230 DEBUG2 : 		STLinkIsCpuHalted
nov 1/17:32:11.232 DEBUG2 : 		STLinkIsCpuHalted
nov 1/17:32:11.234 DEBUG2 : 		STLinkIsCpuHalted
nov 1/17:32:11.236 DEBUG2 : 		STLinkIsCpuHalted
nov 1/17:32:11.238 DEBUG2 : 		STLinkIsCpuHalted
nov 1/17:32:11.240 DEBUG2 : 		STLinkIsCpuHalted
nov 1/17:32:11.241 DEBUG2 : 		STLinkIsCpuHalted
nov 1/17:32:11.243 DEBUG2 : 		STLinkIsCpuHalted
nov 1/17:32:11.245 DEBUG2 : 		STLinkIsCpuHalted
nov 1/17:32:11.247 DEBUG2 : 		STLinkIsCpuHalted
nov 1/17:32:11.249 DEBUG2 : 		STLinkIsCpuHalted
nov 1/17:32:11.251 DEBUG2 : 		STLinkIsCpuHalted
nov 1/17:32:11.253 DEBUG2 : 		STLinkIsCpuHalted
nov 1/17:32:11.255 DEBUG2 : 		STLinkIsCpuHalted
nov 1/17:32:11.257 DEBUG2 : 		STLinkIsCpuHalted
nov 1/17:32:11.259 DEBUG2 : 		STLinkIsCpuHalted
nov 1/17:32:11.261 DEBUG2 : 		STLinkIsCpuHalted
nov 1/17:32:11.263 DEBUG2 : 		STLinkIsCpuHalted
nov 1/17:32:11.265 DEBUG2 : 		STLinkIsCpuHalted
nov 1/17:32:11.267 DEBUG2 : 		STLinkIsCpuHalted
nov 1/17:32:11.269 DEBUG2 : 		STLinkIsCpuHalted
nov 1/17:32:11.271 DEBUG2 : 		STLinkIsCpuHalted
nov 1/17:32:11.273 DEBUG2 : 		STLinkIsCpuHalted
nov 1/17:32:11.275 DEBUG2 : 		STLinkIsCpuHalted
nov 1/17:32:11.277 DEBUG2 : 		STLinkIsCpuHalted
nov 1/17:32:11.279 DEBUG2 : 		STLinkIsCpuHalted
nov 1/17:32:11.281 DEBUG2 : 		STLinkIsCpuHalted
nov 1/17:32:11.283 DEBUG2 : 		STLinkIsCpuHalted
nov 1/17:32:11.285 DEBUG2 : 		STLinkIsCpuHalted
nov 1/17:32:11.287 DEBUG2 : 		STLinkIsCpuHalted
nov 1/17:32:11.289 DEBUG2 : 		STLinkIsCpuHalted
nov 1/17:32:11.291 DEBUG2 : 		STLinkIsCpuHalted
nov 1/17:32:11.293 DEBUG2 : 		STLinkIsCpuHalted
nov 1/17:32:11.295 DEBUG2 : 		STLinkIsCpuHalted
nov 1/17:32:11.297 DEBUG2 : 		STLinkIsCpuHalted
nov 1/17:32:11.299 DEBUG2 : 		STLinkIsCpuHalted
nov 1/17:32:11.301 DEBUG2 : 		STLinkIsCpuHalted
nov 1/17:32:11.303 DEBUG2 : 		STLinkIsCpuHalted
nov 1/17:32:11.305 DEBUG2 : 		STLinkIsCpuHalted
nov 1/17:32:11.307 DEBUG2 : 		STLinkIsCpuHalted
nov 1/17:32:11.309 DEBUG2 : 		STLinkIsCpuHalted
nov 1/17:32:11.311 DEBUG2 : 		STLinkIsCpuHalted
nov 1/17:32:11.313 DEBUG2 : 		STLinkIsCpuHalted
nov 1/17:32:11.315 DEBUG2 : 		STLinkIsCpuHalted
nov 1/17:32:11.317 DEBUG2 : 		STLinkIsCpuHalted
nov 1/17:32:11.318 DEBUG2 : 		STLinkIsCpuHalted
nov 1/17:32:11.320 DEBUG2 : 		STLinkIsCpuHalted
nov 1/17:32:11.322 DEBUG2 : 		STLinkIsCpuHalted
nov 1/17:32:11.324 DEBUG2 : 		STLinkIsCpuHalted
nov 1/17:32:11.326 DEBUG2 : 		STLinkIsCpuHalted
nov 1/17:32:11.328 DEBUG2 : 		STLinkIsCpuHalted
nov 1/17:32:11.330 DEBUG2 : 		STLinkIsCpuHalted
nov 1/17:32:11.332 DEBUG2 : 		STLinkIsCpuHalted
nov 1/17:32:11.334 DEBUG2 : 		STLinkIsCpuHalted
nov 1/17:32:11.336 DEBUG2 : 		STLinkIsCpuHalted
nov 1/17:32:11.338 DEBUG2 : 		STLinkIsCpuHalted
nov 1/17:32:11.340 DEBUG2 : 		STLinkIsCpuHalted
nov 1/17:32:11.342 DEBUG2 : 		STLinkIsCpuHalted
nov 1/17:32:11.344 DEBUG2 : 		STLinkIsCpuHalted
nov 1/17:32:11.346 DEBUG2 : 		STLinkIsCpuHalted
nov 1/17:32:11.348 DEBUG2 : 		STLinkIsCpuHalted
nov 1/17:32:11.350 DEBUG2 : 		STLinkIsCpuHalted
nov 1/17:32:11.352 DEBUG2 : 		STLinkIsCpuHalted
nov 1/17:32:11.354 DEBUG2 : 		STLinkIsCpuHalted
nov 1/17:32:11.356 DEBUG2 : 		STLinkIsCpuHalted
nov 1/17:32:11.358 DEBUG2 : 		STLinkIsCpuHalted
nov 1/17:32:11.360 DEBUG2 : 		STLinkIsCpuHalted
nov 1/17:32:11.362 DEBUG2 : 		STLinkIsCpuHalted
nov 1/17:32:11.364 DEBUG2 : 		STLinkIsCpuHalted
nov 1/17:32:11.366 DEBUG2 : 		STLinkIsCpuHalted
nov 1/17:32:11.368 DEBUG2 : 		STLinkIsCpuHalted
nov 1/17:32:11.370 DEBUG2 : 		STLinkIsCpuHalted
nov 1/17:32:11.372 DEBUG2 : 		STLinkIsCpuHalted
nov 1/17:32:11.374 DEBUG2 : 		STLinkIsCpuHalted
nov 1/17:32:11.376 DEBUG2 : 		STLinkIsCpuHalted
nov 1/17:32:11.378 DEBUG2 : 		STLinkIsCpuHalted
nov 1/17:32:11.380 DEBUG2 : 		STLinkIsCpuHalted
nov 1/17:32:11.382 DEBUG2 : 		STLinkIsCpuHalted
nov 1/17:32:11.384 DEBUG2 : 		STLinkIsCpuHalted
nov 1/17:32:11.386 DEBUG2 : 		STLinkIsCpuHalted
nov 1/17:32:11.388 DEBUG2 : 		STLinkIsCpuHalted
nov 1/17:32:11.390 DEBUG2 : 		STLinkIsCpuHalted
nov 1/17:32:11.392 DEBUG2 : 		STLinkIsCpuHalted
nov 1/17:32:11.394 DEBUG2 : 		STLinkIsCpuHalted
nov 1/17:32:11.396 DEBUG2 : 		STLinkIsCpuHalted
nov 1/17:32:11.398 DEBUG2 : 		STLinkIsCpuHalted
nov 1/17:32:11.400 DEBUG2 : 		STLinkIsCpuHalted
nov 1/17:32:11.402 DEBUG2 : 		STLinkIsCpuHalted
nov 1/17:32:11.404 DEBUG2 : 		ReadTarget32
nov 1/17:32:11.404 DEBUG2 : 		WriteTarget32 Address=0xE000EDFC Data=0x01000000
nov 1/17:32:11.405 DEBUG2 : 		WriteTarget32 Address=0xE0001028 Data=0x00000000
nov 1/17:32:11.405 DEBUG2 : 		WriteTarget32 Address=0xE0001038 Data=0x00000000
nov 1/17:32:11.405 DEBUG2 : 		WriteTarget32 Address=0xE0001048 Data=0x00000000
nov 1/17:32:11.405 DEBUG2 : 		WriteTarget32 Address=0xE0001058 Data=0x00000000
nov 1/17:32:11.406 DEBUG2 : 		STLinkReadReg
nov 1/17:32:11.408 DEBUG2 : 		ReadTarget16
nov 1/17:32:11.409 DEBUG2 : 		ReadTarget32
nov 1/17:32:11.410 DEBUG2 : 		WriteTarget32 Address=0x20000400 Data=0x2000A068
nov 1/17:32:11.830 DEBUG2 : 		WriteTarget32 Address=0x2001EF84 Data=0x08000000
nov 1/17:32:11.831 DEBUG2 : 		STLinkWriteReg
nov 1/17:32:11.832 DEBUG2 : 		STLinkReadReg
nov 1/17:32:11.834 DEBUG2 : 		STLinkReadReg
nov 1/17:32:11.834 DEBUG2 : 		STLinkReadReg
nov 1/17:32:11.834 DEBUG2 : 		STLinkReadReg
nov 1/17:32:11.834 DEBUG2 : 		STLinkReadReg
nov 1/17:32:11.834 DEBUG2 : 		STLinkReadReg
nov 1/17:32:11.834 DEBUG2 : 		STLinkReadReg
nov 1/17:32:11.834 DEBUG2 : 		STLinkReadReg
nov 1/17:32:11.834 DEBUG2 : 		STLinkReadReg
nov 1/17:32:11.834 DEBUG2 : 		STLinkReadReg
nov 1/17:32:11.834 DEBUG2 : 		STLinkReadReg
nov 1/17:32:11.834 DEBUG2 : 		STLinkReadReg
nov 1/17:32:11.834 DEBUG2 : 		STLinkReadReg
nov 1/17:32:11.834 DEBUG2 : 		STLinkReadReg
nov 1/17:32:11.834 DEBUG2 : 		STLinkReadReg
nov 1/17:32:11.834 DEBUG2 : 		STLinkReadReg
nov 1/17:32:11.834 DEBUG2 : 		STLinkReadReg
nov 1/17:32:11.834 DEBUG2 : 		STLinkReadReg
nov 1/17:32:11.834 DEBUG2 : 		STLinkReadReg
nov 1/17:32:11.835 DEBUG2 : 		STLinkWriteReg
nov 1/17:32:11.836 DEBUG2 : 		STLinkReadReg
nov 1/17:32:11.838 DEBUG2 : 		ReadTarget16
nov 1/17:32:11.839 DEBUG2 : 		ReadTarget32
nov 1/17:32:11.839 DEBUG2 : 		WriteTarget32 Address=0xE000EDFC Data=0x01000000
nov 1/17:32:11.840 DEBUG2 : 		WriteTarget32 Address=0xE0001028 Data=0x00000000
nov 1/17:32:11.840 DEBUG2 : 		WriteTarget32 Address=0xE0001038 Data=0x00000000
nov 1/17:32:11.841 DEBUG2 : 		WriteTarget32 Address=0xE0001048 Data=0x00000000
nov 1/17:32:11.841 DEBUG2 : 		WriteTarget32 Address=0xE0001058 Data=0x00000000
nov 1/17:32:11.841 DEBUG2 : 		Go >
nov 1/17:32:11.843 DEBUG2 : 		Go <
nov 1/17:32:11.845 DEBUG2 : 		STLinkIsCpuHalted
nov 1/17:32:11.847 DEBUG2 : 		STLinkIsCpuHalted
nov 1/17:32:11.849 DEBUG2 : 		STLinkIsCpuHalted
nov 1/17:32:11.851 DEBUG2 : 		STLinkIsCpuHalted
nov 1/17:32:11.853 DEBUG2 : 		STLinkIsCpuHalted
nov 1/17:32:11.855 DEBUG2 : 		STLinkIsCpuHalted
nov 1/17:32:11.857 DEBUG2 : 		STLinkIsCpuHalted
nov 1/17:32:11.859 DEBUG2 : 		STLinkIsCpuHalted
nov 1/17:32:11.861 DEBUG2 : 		STLinkIsCpuHalted
nov 1/17:32:11.863 DEBUG2 : 		STLinkIsCpuHalted
nov 1/17:32:11.865 DEBUG2 : 		STLinkIsCpuHalted
nov 1/17:32:11.867 DEBUG2 : 		STLinkIsCpuHalted
nov 1/17:32:11.869 DEBUG2 : 		STLinkIsCpuHalted
nov 1/17:32:11.871 DEBUG2 : 		STLinkIsCpuHalted
nov 1/17:32:11.873 DEBUG2 : 		STLinkIsCpuHalted
nov 1/17:32:11.875 DEBUG2 : 		STLinkIsCpuHalted
nov 1/17:32:11.877 DEBUG2 : 		STLinkIsCpuHalted
nov 1/17:32:11.879 DEBUG2 : 		STLinkIsCpuHalted
nov 1/17:32:11.881 DEBUG2 : 		STLinkIsCpuHalted
nov 1/17:32:11.883 DEBUG2 : 		STLinkIsCpuHalted
nov 1/17:32:11.885 DEBUG2 : 		STLinkIsCpuHalted
nov 1/17:32:11.887 DEBUG2 : 		STLinkIsCpuHalted
nov 1/17:32:11.889 DEBUG2 : 		STLinkIsCpuHalted
nov 1/17:32:11.891 DEBUG2 : 		STLinkIsCpuHalted
nov 1/17:32:11.893 DEBUG2 : 		STLinkIsCpuHalted
nov 1/17:32:11.895 DEBUG2 : 		STLinkIsCpuHalted
nov 1/17:32:11.897 DEBUG2 : 		STLinkIsCpuHalted
nov 1/17:32:11.899 DEBUG2 : 		STLinkIsCpuHalted
nov 1/17:32:11.901 DEBUG2 : 		STLinkIsCpuHalted
nov 1/17:32:11.903 DEBUG2 : 		STLinkIsCpuHalted
nov 1/17:32:11.905 DEBUG2 : 		STLinkIsCpuHalted
nov 1/17:32:11.907 DEBUG2 : 		STLinkIsCpuHalted
nov 1/17:32:11.909 DEBUG2 : 		STLinkIsCpuHalted
nov 1/17:32:11.911 DEBUG2 : 		STLinkIsCpuHalted
nov 1/17:32:11.913 DEBUG2 : 		STLinkIsCpuHalted
nov 1/17:32:11.915 DEBUG2 : 		STLinkIsCpuHalted
nov 1/17:32:11.917 DEBUG2 : 		STLinkIsCpuHalted
nov 1/17:32:11.919 DEBUG2 : 		STLinkIsCpuHalted
nov 1/17:32:11.921 DEBUG2 : 		STLinkIsCpuHalted
nov 1/17:32:11.923 DEBUG2 : 		STLinkIsCpuHalted
nov 1/17:32:11.925 DEBUG2 : 		STLinkIsCpuHalted
nov 1/17:32:11.927 DEBUG2 : 		STLinkIsCpuHalted
nov 1/17:32:11.929 DEBUG2 : 		STLinkIsCpuHalted
nov 1/17:32:11.931 DEBUG2 : 		STLinkIsCpuHalted
nov 1/17:32:11.933 DEBUG2 : 		STLinkIsCpuHalted
nov 1/17:32:11.935 DEBUG2 : 		STLinkIsCpuHalted
nov 1/17:32:11.937 DEBUG2 : 		STLinkIsCpuHalted
nov 1/17:32:11.939 DEBUG2 : 		STLinkIsCpuHalted
nov 1/17:32:11.941 DEBUG2 : 		STLinkIsCpuHalted
nov 1/17:32:11.943 DEBUG2 : 		STLinkIsCpuHalted
nov 1/17:32:11.945 DEBUG2 : 		STLinkIsCpuHalted
nov 1/17:32:11.947 DEBUG2 : 		STLinkIsCpuHalted
nov 1/17:32:11.949 DEBUG2 : 		STLinkIsCpuHalted
nov 1/17:32:11.951 DEBUG2 : 		STLinkIsCpuHalted
nov 1/17:32:11.953 DEBUG2 : 		STLinkIsCpuHalted
nov 1/17:32:11.955 DEBUG2 : 		STLinkIsCpuHalted
nov 1/17:32:11.957 DEBUG2 : 		STLinkIsCpuHalted
nov 1/17:32:11.959 DEBUG2 : 		STLinkIsCpuHalted
nov 1/17:32:11.961 DEBUG2 : 		STLinkIsCpuHalted
nov 1/17:32:11.963 DEBUG2 : 		STLinkIsCpuHalted
nov 1/17:32:11.965 DEBUG2 : 		STLinkIsCpuHalted
nov 1/17:32:11.967 DEBUG2 : 		STLinkIsCpuHalted
nov 1/17:32:11.969 DEBUG2 : 		STLinkIsCpuHalted
nov 1/17:32:11.971 DEBUG2 : 		STLinkIsCpuHalted
nov 1/17:32:11.973 DEBUG2 : 		STLinkIsCpuHalted
nov 1/17:32:11.975 DEBUG2 : 		STLinkIsCpuHalted
nov 1/17:32:11.977 DEBUG2 : 		STLinkIsCpuHalted
nov 1/17:32:11.979 DEBUG2 : 		STLinkIsCpuHalted
nov 1/17:32:11.981 DEBUG2 : 		STLinkIsCpuHalted
nov 1/17:32:11.983 DEBUG2 : 		STLinkIsCpuHalted
nov 1/17:32:11.985 DEBUG2 : 		STLinkIsCpuHalted
nov 1/17:32:11.987 DEBUG2 : 		STLinkIsCpuHalted
nov 1/17:32:11.989 DEBUG2 : 		STLinkIsCpuHalted
nov 1/17:32:11.991 DEBUG2 : 		STLinkIsCpuHalted
nov 1/17:32:11.993 DEBUG2 : 		STLinkIsCpuHalted
nov 1/17:32:11.995 DEBUG2 : 		STLinkIsCpuHalted
nov 1/17:32:11.997 DEBUG2 : 		STLinkIsCpuHalted
nov 1/17:32:11.999 DEBUG2 : 		STLinkIsCpuHalted
nov 1/17:32:12.001 DEBUG2 : 		STLinkIsCpuHalted
nov 1/17:32:12.003 DEBUG2 : 		STLinkIsCpuHalted
nov 1/17:32:12.005 DEBUG2 : 		STLinkIsCpuHalted
nov 1/17:32:12.007 DEBUG2 : 		STLinkIsCpuHalted
nov 1/17:32:12.009 DEBUG2 : 		STLinkIsCpuHalted
nov 1/17:32:12.011 DEBUG2 : 		STLinkIsCpuHalted
nov 1/17:32:12.013 DEBUG2 : 		STLinkIsCpuHalted
nov 1/17:32:12.015 DEBUG2 : 		STLinkIsCpuHalted
nov 1/17:32:12.017 DEBUG2 : 		STLinkIsCpuHalted
nov 1/17:32:12.019 DEBUG2 : 		STLinkIsCpuHalted
nov 1/17:32:12.021 DEBUG2 : 		STLinkIsCpuHalted
nov 1/17:32:12.023 DEBUG2 : 		STLinkIsCpuHalted
nov 1/17:32:12.025 DEBUG2 : 		STLinkIsCpuHalted
nov 1/17:32:12.027 DEBUG2 : 		STLinkIsCpuHalted
nov 1/17:32:12.029 DEBUG2 : 		STLinkIsCpuHalted
nov 1/17:32:12.031 DEBUG2 : 		STLinkIsCpuHalted
nov 1/17:32:12.032 DEBUG2 : 		STLinkIsCpuHalted
nov 1/17:32:12.034 DEBUG2 : 		STLinkIsCpuHalted
nov 1/17:32:12.036 DEBUG2 : 		STLinkIsCpuHalted
nov 1/17:32:12.038 DEBUG2 : 		STLinkIsCpuHalted
nov 1/17:32:12.040 DEBUG2 : 		STLinkIsCpuHalted
nov 1/17:32:12.042 DEBUG2 : 		STLinkIsCpuHalted
nov 1/17:32:12.044 DEBUG2 : 		STLinkIsCpuHalted
nov 1/17:32:12.046 DEBUG2 : 		STLinkIsCpuHalted
nov 1/17:32:12.048 DEBUG2 : 		STLinkIsCpuHalted
nov 1/17:32:12.050 DEBUG2 : 		STLinkIsCpuHalted
nov 1/17:32:12.052 DEBUG2 : 		STLinkIsCpuHalted
nov 1/17:32:12.054 DEBUG2 : 		STLinkIsCpuHalted
nov 1/17:32:12.056 DEBUG2 : 		STLinkIsCpuHalted
nov 1/17:32:12.058 DEBUG2 : 		STLinkIsCpuHalted
nov 1/17:32:12.060 DEBUG2 : 		STLinkIsCpuHalted
nov 1/17:32:12.062 DEBUG2 : 		STLinkIsCpuHalted
nov 1/17:32:12.064 DEBUG2 : 		STLinkIsCpuHalted
nov 1/17:32:12.066 DEBUG2 : 		STLinkIsCpuHalted
nov 1/17:32:12.068 DEBUG2 : 		STLinkIsCpuHalted
nov 1/17:32:12.070 DEBUG2 : 		STLinkIsCpuHalted
nov 1/17:32:12.072 DEBUG2 : 		STLinkIsCpuHalted
nov 1/17:32:12.074 DEBUG2 : 		STLinkIsCpuHalted
nov 1/17:32:12.076 DEBUG2 : 		STLinkIsCpuHalted
nov 1/17:32:12.078 DEBUG2 : 		STLinkIsCpuHalted
nov 1/17:32:12.080 DEBUG2 : 		STLinkIsCpuHalted
nov 1/17:32:12.082 DEBUG2 : 		STLinkIsCpuHalted
nov 1/17:32:12.084 DEBUG2 : 		STLinkIsCpuHalted
nov 1/17:32:12.086 DEBUG2 : 		STLinkIsCpuHalted
nov 1/17:32:12.088 DEBUG2 : 		STLinkIsCpuHalted
nov 1/17:32:12.090 DEBUG2 : 		STLinkIsCpuHalted
nov 1/17:32:12.092 DEBUG2 : 		STLinkIsCpuHalted
nov 1/17:32:12.094 DEBUG2 : 		STLinkIsCpuHalted
nov 1/17:32:12.096 DEBUG2 : 		STLinkIsCpuHalted
nov 1/17:32:12.099 DEBUG2 : 		STLinkIsCpuHalted
nov 1/17:32:12.101 DEBUG2 : 		STLinkIsCpuHalted
nov 1/17:32:12.103 DEBUG2 : 		STLinkIsCpuHalted
nov 1/17:32:12.105 DEBUG2 : 		STLinkIsCpuHalted
nov 1/17:32:12.106 DEBUG2 : 		STLinkIsCpuHalted
nov 1/17:32:12.108 DEBUG2 : 		STLinkIsCpuHalted
nov 1/17:32:12.110 DEBUG2 : 		STLinkIsCpuHalted
nov 1/17:32:12.112 DEBUG2 : 		STLinkIsCpuHalted
nov 1/17:32:12.114 DEBUG2 : 		STLinkIsCpuHalted
nov 1/17:32:12.115 DEBUG2 : 		STLinkIsCpuHalted
nov 1/17:32:12.117 DEBUG2 : 		STLinkIsCpuHalted
nov 1/17:32:12.119 DEBUG2 : 		STLinkIsCpuHalted
nov 1/17:32:12.121 DEBUG2 : 		STLinkIsCpuHalted
nov 1/17:32:12.123 DEBUG2 : 		STLinkIsCpuHalted
nov 1/17:32:12.125 DEBUG2 : 		STLinkIsCpuHalted
nov 1/17:32:12.127 DEBUG2 : 		STLinkIsCpuHalted
nov 1/17:32:12.129 DEBUG2 : 		STLinkIsCpuHalted
nov 1/17:32:12.131 DEBUG2 : 		STLinkIsCpuHalted
nov 1/17:32:12.133 DEBUG2 : 		STLinkIsCpuHalted
nov 1/17:32:12.135 DEBUG2 : 		STLinkIsCpuHalted
nov 1/17:32:12.138 DEBUG2 : 		STLinkIsCpuHalted
nov 1/17:32:12.140 DEBUG2 : 		STLinkIsCpuHalted
nov 1/17:32:12.142 DEBUG2 : 		STLinkIsCpuHalted
nov 1/17:32:12.144 DEBUG2 : 		STLinkIsCpuHalted
nov 1/17:32:12.146 DEBUG2 : 		STLinkIsCpuHalted
nov 1/17:32:12.148 DEBUG2 : 		STLinkIsCpuHalted
nov 1/17:32:12.149 DEBUG2 : 		STLinkIsCpuHalted
nov 1/17:32:12.152 DEBUG2 : 		STLinkIsCpuHalted
nov 1/17:32:12.153 DEBUG2 : 		STLinkIsCpuHalted
nov 1/17:32:12.155 DEBUG2 : 		STLinkIsCpuHalted
nov 1/17:32:12.156 DEBUG2 : 		STLinkIsCpuHalted
nov 1/17:32:12.158 DEBUG2 : 		STLinkIsCpuHalted
nov 1/17:32:12.160 DEBUG2 : 		STLinkIsCpuHalted
nov 1/17:32:12.161 DEBUG2 : 		STLinkIsCpuHalted
nov 1/17:32:12.163 DEBUG2 : 		STLinkIsCpuHalted
nov 1/17:32:12.166 DEBUG2 : 		STLinkIsCpuHalted
nov 1/17:32:12.167 DEBUG2 : 		STLinkIsCpuHalted
nov 1/17:32:12.170 DEBUG2 : 		STLinkIsCpuHalted
nov 1/17:32:12.171 DEBUG2 : 		STLinkIsCpuHalted
nov 1/17:32:12.173 DEBUG2 : 		STLinkIsCpuHalted
nov 1/17:32:12.175 DEBUG2 : 		STLinkIsCpuHalted
nov 1/17:32:12.177 DEBUG2 : 		STLinkIsCpuHalted
nov 1/17:32:12.179 DEBUG2 : 		STLinkIsCpuHalted
nov 1/17:32:12.181 DEBUG2 : 		STLinkIsCpuHalted
nov 1/17:32:12.183 DEBUG2 : 		STLinkIsCpuHalted
nov 1/17:32:12.185 DEBUG2 : 		STLinkIsCpuHalted
nov 1/17:32:12.187 DEBUG2 : 		STLinkIsCpuHalted
nov 1/17:32:12.189 DEBUG2 : 		STLinkIsCpuHalted
nov 1/17:32:12.191 DEBUG2 : 		STLinkIsCpuHalted
nov 1/17:32:12.193 DEBUG2 : 		STLinkIsCpuHalted
nov 1/17:32:12.195 DEBUG2 : 		STLinkIsCpuHalted
nov 1/17:32:12.197 DEBUG2 : 		STLinkIsCpuHalted
nov 1/17:32:12.199 DEBUG2 : 		STLinkIsCpuHalted
nov 1/17:32:12.201 DEBUG2 : 		STLinkIsCpuHalted
nov 1/17:32:12.203 DEBUG2 : 		STLinkIsCpuHalted
nov 1/17:32:12.205 DEBUG2 : 		STLinkIsCpuHalted
nov 1/17:32:12.207 DEBUG2 : 		STLinkIsCpuHalted
nov 1/17:32:12.209 DEBUG2 : 		STLinkIsCpuHalted
nov 1/17:32:12.211 DEBUG2 : 		STLinkIsCpuHalted
nov 1/17:32:12.213 DEBUG2 : 		STLinkIsCpuHalted
nov 1/17:32:12.215 DEBUG2 : 		STLinkIsCpuHalted
nov 1/17:32:12.217 DEBUG2 : 		STLinkIsCpuHalted
nov 1/17:32:12.219 DEBUG2 : 		STLinkIsCpuHalted
nov 1/17:32:12.221 DEBUG2 : 		STLinkIsCpuHalted
nov 1/17:32:12.223 DEBUG2 : 		STLinkIsCpuHalted
nov 1/17:32:12.225 DEBUG2 : 		STLinkIsCpuHalted
nov 1/17:32:12.227 DEBUG2 : 		STLinkIsCpuHalted
nov 1/17:32:12.229 DEBUG2 : 		STLinkIsCpuHalted
nov 1/17:32:12.231 DEBUG2 : 		STLinkIsCpuHalted
nov 1/17:32:12.233 DEBUG2 : 		STLinkIsCpuHalted
nov 1/17:32:12.235 DEBUG2 : 		STLinkIsCpuHalted
nov 1/17:32:12.237 DEBUG2 : 		STLinkIsCpuHalted
nov 1/17:32:12.239 DEBUG2 : 		STLinkIsCpuHalted
nov 1/17:32:12.241 DEBUG2 : 		STLinkIsCpuHalted
nov 1/17:32:12.243 DEBUG2 : 		STLinkIsCpuHalted
nov 1/17:32:12.245 DEBUG2 : 		STLinkIsCpuHalted
nov 1/17:32:12.247 DEBUG2 : 		STLinkIsCpuHalted
nov 1/17:32:12.249 DEBUG2 : 		STLinkIsCpuHalted
nov 1/17:32:12.251 DEBUG2 : 		STLinkIsCpuHalted
nov 1/17:32:12.253 DEBUG2 : 		STLinkIsCpuHalted
nov 1/17:32:12.255 DEBUG2 : 		STLinkIsCpuHalted
nov 1/17:32:12.257 DEBUG2 : 		STLinkIsCpuHalted
nov 1/17:32:12.259 DEBUG2 : 		STLinkIsCpuHalted
nov 1/17:32:12.261 DEBUG2 : 		STLinkIsCpuHalted
nov 1/17:32:12.263 DEBUG2 : 		STLinkIsCpuHalted
nov 1/17:32:12.265 DEBUG2 : 		STLinkIsCpuHalted
nov 1/17:32:12.267 DEBUG2 : 		STLinkIsCpuHalted
nov 1/17:32:12.269 DEBUG2 : 		STLinkIsCpuHalted
nov 1/17:32:12.271 DEBUG2 : 		STLinkIsCpuHalted
nov 1/17:32:12.273 DEBUG2 : 		STLinkIsCpuHalted
nov 1/17:32:12.275 DEBUG2 : 		STLinkIsCpuHalted
nov 1/17:32:12.277 DEBUG2 : 		STLinkIsCpuHalted
nov 1/17:32:12.279 DEBUG2 : 		STLinkIsCpuHalted
nov 1/17:32:12.281 DEBUG2 : 		STLinkIsCpuHalted
nov 1/17:32:12.283 DEBUG2 : 		STLinkIsCpuHalted
nov 1/17:32:12.285 DEBUG2 : 		STLinkIsCpuHalted
nov 1/17:32:12.287 DEBUG2 : 		STLinkIsCpuHalted
nov 1/17:32:12.289 DEBUG2 : 		STLinkIsCpuHalted
nov 1/17:32:12.291 DEBUG2 : 		STLinkIsCpuHalted
nov 1/17:32:12.293 DEBUG2 : 		STLinkIsCpuHalted
nov 1/17:32:12.295 DEBUG2 : 		STLinkIsCpuHalted
nov 1/17:32:12.297 DEBUG2 : 		STLinkIsCpuHalted
nov 1/17:32:12.299 DEBUG2 : 		STLinkIsCpuHalted
nov 1/17:32:12.301 DEBUG2 : 		STLinkIsCpuHalted
nov 1/17:32:12.303 DEBUG2 : 		STLinkIsCpuHalted
nov 1/17:32:12.305 DEBUG2 : 		STLinkIsCpuHalted
nov 1/17:32:12.307 DEBUG2 : 		STLinkIsCpuHalted
nov 1/17:32:12.309 DEBUG2 : 		STLinkIsCpuHalted
nov 1/17:32:12.311 DEBUG2 : 		STLinkIsCpuHalted
nov 1/17:32:12.313 DEBUG2 : 		STLinkIsCpuHalted
nov 1/17:32:12.315 DEBUG2 : 		STLinkIsCpuHalted
nov 1/17:32:12.317 DEBUG2 : 		STLinkIsCpuHalted
nov 1/17:32:12.319 DEBUG2 : 		STLinkIsCpuHalted
nov 1/17:32:12.321 DEBUG2 : 		STLinkIsCpuHalted
nov 1/17:32:12.323 DEBUG2 : 		STLinkIsCpuHalted
nov 1/17:32:12.325 DEBUG2 : 		STLinkIsCpuHalted
nov 1/17:32:12.327 DEBUG2 : 		STLinkIsCpuHalted
nov 1/17:32:12.329 DEBUG2 : 		ReadTarget32
nov 1/17:32:12.329 DEBUG2 : 		WriteTarget32 Address=0xE000EDFC Data=0x01000000
nov 1/17:32:12.330 DEBUG2 : 		WriteTarget32 Address=0xE0001028 Data=0x00000000
nov 1/17:32:12.330 DEBUG2 : 		WriteTarget32 Address=0xE0001038 Data=0x00000000
nov 1/17:32:12.330 DEBUG2 : 		WriteTarget32 Address=0xE0001048 Data=0x00000000
nov 1/17:32:12.331 DEBUG2 : 		WriteTarget32 Address=0xE0001058 Data=0x00000000
nov 1/17:32:12.331 DEBUG2 : 		STLinkReadReg
nov 1/17:32:12.333 DEBUG2 : 		ReadTarget16
nov 1/17:32:12.334 DEBUG2 : 		ReadTarget32
nov 1/17:32:12.334 DEBUG2 : 		STLinkWriteReg
nov 1/17:32:12.335 DEBUG2 : 		STLinkReadReg
nov 1/17:32:12.337 DEBUG2 : 		STLinkReadReg
nov 1/17:32:12.337 DEBUG2 : 		STLinkReadReg
nov 1/17:32:12.337 DEBUG2 : 		STLinkReadReg
nov 1/17:32:12.337 DEBUG2 : 		STLinkReadReg
nov 1/17:32:12.337 DEBUG2 : 		STLinkReadReg
nov 1/17:32:12.337 DEBUG2 : 		STLinkReadReg
nov 1/17:32:12.337 DEBUG2 : 		STLinkReadReg
nov 1/17:32:12.337 DEBUG2 : 		STLinkReadReg
nov 1/17:32:12.337 DEBUG2 : 		STLinkReadReg
nov 1/17:32:12.337 DEBUG2 : 		STLinkReadReg
nov 1/17:32:12.337 DEBUG2 : 		STLinkReadReg
nov 1/17:32:12.337 DEBUG2 : 		STLinkReadReg
nov 1/17:32:12.337 DEBUG2 : 		STLinkReadReg
nov 1/17:32:12.337 DEBUG2 : 		STLinkReadReg
nov 1/17:32:12.337 DEBUG2 : 		STLinkReadReg
nov 1/17:32:12.337 DEBUG2 : 		STLinkReadReg
nov 1/17:32:12.337 DEBUG2 : 		STLinkReadReg
nov 1/17:32:12.337 DEBUG2 : 		STLinkReadReg
nov 1/17:32:12.338 DEBUG2 : 		STLinkWriteReg
nov 1/17:32:12.338 DEBUG2 : 		STLinkReadReg
nov 1/17:32:12.341 DEBUG2 : 		ReadTarget16
nov 1/17:32:12.341 DEBUG2 : 		ReadTarget32
nov 1/17:32:12.341 DEBUG2 : 		WriteTarget32 Address=0xE000EDFC Data=0x01000000
nov 1/17:32:12.342 DEBUG2 : 		WriteTarget32 Address=0xE0001028 Data=0x00000000
nov 1/17:32:12.342 DEBUG2 : 		WriteTarget32 Address=0xE0001038 Data=0x00000000
nov 1/17:32:12.342 DEBUG2 : 		WriteTarget32 Address=0xE0001048 Data=0x00000000
nov 1/17:32:12.343 DEBUG2 : 		WriteTarget32 Address=0xE0001058 Data=0x00000000
nov 1/17:32:12.343 DEBUG2 : 		Go >
nov 1/17:32:12.345 DEBUG2 : 		Go <
nov 1/17:32:12.347 DEBUG2 : 		STLinkIsCpuHalted
nov 1/17:32:12.349 DEBUG2 : 		ReadTarget32
nov 1/17:32:12.349 DEBUG2 : 		WriteTarget32 Address=0xE000EDFC Data=0x01000000
nov 1/17:32:12.349 DEBUG2 : 		WriteTarget32 Address=0xE0001028 Data=0x00000000
nov 1/17:32:12.350 DEBUG2 : 		WriteTarget32 Address=0xE0001038 Data=0x00000000
nov 1/17:32:12.350 DEBUG2 : 		WriteTarget32 Address=0xE0001048 Data=0x00000000
nov 1/17:32:12.350 DEBUG2 : 		WriteTarget32 Address=0xE0001058 Data=0x00000000
nov 1/17:32:12.350 DEBUG2 : 		STLinkReadReg
nov 1/17:32:12.353 DEBUG2 : 		ReadTarget16
nov 1/17:32:12.353 DEBUG2 : 		ReadTarget32
nov 1/17:32:12.354 DEBUG2 : 		STLinkReadReg
nov 1/17:32:12.354 DEBUG2 : 		STLinkReadReg
nov 1/17:32:12.354 DEBUG2 : 		STLinkReadReg
nov 1/17:32:12.354 DEBUG2 : 		STLinkReadReg
nov 1/17:32:12.354 DEBUG2 : 		STLinkReadReg
nov 1/17:32:12.354 DEBUG2 : 		STLinkReadReg
nov 1/17:32:12.354 DEBUG2 : 		STLinkReadReg
nov 1/17:32:12.354 DEBUG2 : 		STLinkReadReg
nov 1/17:32:12.354 DEBUG2 : 		STLinkReadReg
nov 1/17:32:12.354 DEBUG2 : 		STLinkReadReg
nov 1/17:32:12.354 DEBUG2 : 		STLinkReadReg
nov 1/17:32:12.354 DEBUG2 : 		STLinkReadReg
nov 1/17:32:12.354 DEBUG2 : 		STLinkReadReg
nov 1/17:32:12.354 DEBUG2 : 		STLinkReadReg
nov 1/17:32:12.354 DEBUG2 : 		STLinkReadReg
nov 1/17:32:12.354 DEBUG2 : 		STLinkReadReg
nov 1/17:32:12.354 DEBUG2 : 		STLinkReadReg
nov 1/17:32:12.354 DEBUG2 : 		STLinkReadReg
nov 1/17:32:12.354 DEBUG2 : 		STLinkReadReg
nov 1/17:32:12.354 DEBUG2 : 		STLinkReadReg
nov 1/17:32:12.354 DEBUG2 : 		ReadTarget32
nov 1/17:32:12.358 DEBUG2 : 		ClearCodeBreak
nov 1/17:32:12.358 DEBUG2 : 		ReadTarget32
nov 1/17:32:12.359 DEBUG2 : 		WriteTarget32 Address=0x40023808 Data=0x00000000
nov 1/17:32:12.359 DEBUG2 : 		WriteTarget32 Address=0x40023800 Data=0x00007083
nov 1/17:32:12.360 DEBUG2 : 		WriteTarget32 Address=0x4002380C Data=0x00000000
nov 1/17:32:12.360 DEBUG2 : 		ReadTarget32
nov 1/17:32:12.360 DEBUG2 : 		ReadTarget8
nov 1/17:32:12.361 DEBUG2 : 		STLinkWriteReg
nov 1/17:32:12.361 DEBUG2 : 		SetCodeBreak
nov 1/17:32:12.361 DEBUG2 : 		Go >
nov 1/17:32:12.363 DEBUG2 : 		Go <
nov 1/17:32:12.363 DEBUG2 : 		STLinkIsCpuHalted
nov 1/17:32:12.364 DEBUG2 : 		ClearCodeBreak
nov 1/17:32:12.376 DEBUG2 : 		Reset
nov 1/17:32:12.892 DEBUG2 : 		ReadTarget32
nov 1/17:32:12.892 DEBUG2 : 		ReadTarget32
nov 1/17:32:12.892 DEBUG2 : 		STLinkReadReg
nov 1/17:32:12.895 DEBUG2 : 		STLinkWriteReg
nov 1/17:32:12.895 DEBUG2 : 		STLinkReadReg
nov 1/17:32:12.898 DEBUG2 : 		STLinkReadReg
nov 1/17:32:12.898 DEBUG2 : 		STLinkReadReg
nov 1/17:32:12.898 DEBUG2 : 		STLinkWriteReg
nov 1/17:32:12.898 DEBUG2 : 		STLinkReadReg
nov 1/17:32:12.901 DEBUG2 : 		STLinkReadReg
nov 1/17:32:12.901 DEBUG2 : 		STLinkReadReg
nov 1/17:32:12.901 DEBUG2 : 		STLinkReadReg
nov 1/17:32:12.901 DEBUG2 : 		STLinkReadReg
nov 1/17:32:12.901 DEBUG2 : 		STLinkReadReg
nov 1/17:32:12.901 DEBUG2 : 		STLinkReadReg
nov 1/17:32:12.901 DEBUG2 : 		STLinkReadReg
nov 1/17:32:12.901 DEBUG2 : 		STLinkReadReg
nov 1/17:32:12.901 DEBUG2 : 		STLinkReadReg
nov 1/17:32:12.901 DEBUG2 : 		STLinkReadReg
nov 1/17:32:12.901 DEBUG2 : 		STLinkReadReg
nov 1/17:32:12.901 DEBUG2 : 		STLinkReadReg
nov 1/17:32:12.901 DEBUG2 : 		STLinkReadReg
nov 1/17:32:12.901 DEBUG2 : 		STLinkReadReg
nov 1/17:32:12.901 DEBUG2 : 		STLinkReadReg
nov 1/17:32:12.901 DEBUG2 : 		STLinkReadReg
nov 1/17:32:12.901 DEBUG2 : 		STLinkReadReg
nov 1/17:32:12.901 DEBUG2 : 		STLinkReadReg
nov 1/17:32:12.901 DEBUG2 : 		STLinkWriteReg
nov 1/17:32:12.902 DEBUG2 : 		ReadTarget32
nov 1/17:32:12.902 DEBUG2 : 		WriteTarget32 Address=0xE000EDFC Data=0x01000000
nov 1/17:32:12.903 DEBUG2 : 		ReadTarget32
nov 1/17:32:12.903 DEBUG2 : 		ReadTarget32
nov 1/17:32:12.904 DEBUG2 : 		STLinkReadReg
nov 1/17:32:12.907 DEBUG2 : 		ReadTarget16
nov 1/17:32:12.907 DEBUG2 : 		SetCodeBreak
nov 1/17:32:12.907 DEBUG2 : 		STLinkIsCpuHalted
nov 1/17:32:12.914 DEBUG2 : 		ReadTarget16
nov 1/17:32:12.915 DEBUG2 : 		SetCodeBreak
nov 1/17:32:12.915 DEBUG2 : 		ReadTarget16
nov 1/17:32:12.915 DEBUG2 : 		SetCodeBreak
nov 1/17:32:12.960 DEBUG2 : 		ReadTarget32
nov 1/17:32:12.960 DEBUG2 : 		ReadTarget32
nov 1/17:32:12.960 DEBUG2 : 		ReadTarget32
nov 1/17:32:12.961 DEBUG2 : 		ReadTarget32
nov 1/17:32:12.961 DEBUG2 : 		ReadTarget32
nov 1/17:32:12.961 DEBUG2 : 		ReadTarget32
nov 1/17:32:12.962 DEBUG2 : 		ReadTarget32
nov 1/17:32:12.962 DEBUG2 : 		ReadTarget32
nov 1/17:32:12.962 DEBUG2 : 		ReadTarget32
nov 1/17:32:12.963 DEBUG2 : 		ReadTarget32
nov 1/17:32:12.963 DEBUG2 : 		ReadTarget32
nov 1/17:32:12.963 DEBUG2 : 		ReadTarget32
nov 1/17:32:12.964 DEBUG2 : 		ReadTarget32
nov 1/17:32:12.964 DEBUG2 : 		ReadTarget32
nov 1/17:32:12.964 DEBUG2 : 		ReadTarget32
nov 1/17:32:12.965 DEBUG2 : 		ReadTarget32
nov 1/17:32:12.965 DEBUG2 : 		ReadTarget32
nov 1/17:32:12.965 DEBUG2 : 		ReadTarget32
nov 1/17:32:12.965 DEBUG2 : 		ReadTarget32
nov 1/17:32:12.966 DEBUG2 : 		ReadTarget32
nov 1/17:32:12.966 DEBUG2 : 		ReadTarget32
nov 1/17:32:12.966 DEBUG2 : 		ReadTarget32
nov 1/17:32:12.967 DEBUG2 : 		ReadTarget32
nov 1/17:32:12.967 DEBUG2 : 		ReadTarget32
nov 1/17:32:12.967 DEBUG2 : 		ReadTarget32
nov 1/17:32:12.968 DEBUG2 : 		ReadTarget32
nov 1/17:32:12.968 DEBUG2 : 		ReadTarget32
nov 1/17:32:12.968 DEBUG2 : 		ReadTarget32
nov 1/17:32:12.969 DEBUG2 : 		ReadTarget32
nov 1/17:32:12.969 DEBUG2 : 		ReadTarget32
nov 1/17:32:12.969 DEBUG2 : 		ReadTarget32
nov 1/17:32:12.969 DEBUG2 : 		ReadTarget32
nov 1/17:32:12.970 DEBUG2 : 		ReadTarget32
nov 1/17:32:12.970 DEBUG2 : 		ReadTarget32
nov 1/17:32:12.970 DEBUG2 : 		ReadTarget32
nov 1/17:32:12.971 DEBUG2 : 		ReadTarget32
nov 1/17:32:12.971 DEBUG2 : 		ReadTarget32
nov 1/17:32:12.971 DEBUG2 : 		ReadTarget32
nov 1/17:32:12.972 DEBUG2 : 		ReadTarget32
nov 1/17:32:12.972 DEBUG2 : 		ReadTarget32
nov 1/17:32:12.972 DEBUG2 : 		ReadTarget32
nov 1/17:32:12.973 DEBUG2 : 		ReadTarget32
nov 1/17:32:12.973 DEBUG2 : 		ReadTarget32
nov 1/17:32:12.973 DEBUG2 : 		ReadTarget32
nov 1/17:32:12.973 DEBUG2 : 		ReadTarget32
nov 1/17:32:12.974 DEBUG2 : 		ReadTarget32
nov 1/17:32:12.974 DEBUG2 : 		ReadTarget32
nov 1/17:32:12.974 DEBUG2 : 		ReadTarget32
nov 1/17:32:12.975 DEBUG2 : 		ReadTarget32
nov 1/17:32:12.975 DEBUG2 : 		ReadTarget32
nov 1/17:32:12.975 DEBUG2 : 		ReadTarget32
nov 1/17:32:12.976 DEBUG2 : 		ReadTarget32
nov 1/17:32:12.976 DEBUG2 : 		ReadTarget32
nov 1/17:32:12.976 DEBUG2 : 		ReadTarget32
nov 1/17:32:12.977 DEBUG2 : 		ReadTarget32
nov 1/17:32:12.977 DEBUG2 : 		ReadTarget32
nov 1/17:32:12.977 DEBUG2 : 		ReadTarget32
nov 1/17:32:12.978 DEBUG2 : 		ReadTarget32
nov 1/17:32:12.978 DEBUG2 : 		ReadTarget32
nov 1/17:32:12.978 DEBUG2 : 		ReadTarget32
nov 1/17:32:12.978 DEBUG2 : 		ReadTarget32
nov 1/17:32:12.979 DEBUG2 : 		ReadTarget32
nov 1/17:32:12.979 DEBUG2 : 		ReadTarget32
nov 1/17:32:12.979 DEBUG2 : 		ReadTarget32
nov 1/17:32:12.980 DEBUG2 : 		ReadTarget32
nov 1/17:32:12.980 DEBUG2 : 		ReadTarget32
nov 1/17:32:12.980 DEBUG2 : 		ReadTarget32
nov 1/17:32:12.981 DEBUG2 : 		ReadTarget32
nov 1/17:32:12.981 DEBUG2 : 		ReadTarget32
nov 1/17:32:12.981 DEBUG2 : 		ReadTarget32
nov 1/17:32:12.982 DEBUG2 : 		ReadTarget32
nov 1/17:32:12.982 DEBUG2 : 		ReadTarget32
nov 1/17:32:12.983 DEBUG2 : 		ReadTarget32
nov 1/17:32:12.983 DEBUG2 : 		ReadTarget32
nov 1/17:32:12.983 DEBUG2 : 		ReadTarget32
nov 1/17:32:12.984 DEBUG2 : 		ReadTarget32
nov 1/17:32:12.984 DEBUG2 : 		ReadTarget32
nov 1/17:32:12.984 DEBUG2 : 		ReadTarget32
nov 1/17:32:12.984 DEBUG2 : 		ReadTarget32
nov 1/17:32:12.985 DEBUG2 : 		ReadTarget32
nov 1/17:32:12.985 DEBUG2 : 		ReadTarget32
nov 1/17:32:12.985 DEBUG2 : 		ReadTarget32
nov 1/17:32:12.986 DEBUG2 : 		ReadTarget32
nov 1/17:32:12.986 DEBUG2 : 		ReadTarget32
nov 1/17:32:12.986 DEBUG2 : 		ReadTarget32
nov 1/17:32:12.987 DEBUG2 : 		ReadTarget32
nov 1/17:32:12.987 DEBUG2 : 		ReadTarget32
nov 1/17:32:12.987 DEBUG2 : 		ReadTarget32
nov 1/17:32:12.988 DEBUG2 : 		ReadTarget32
nov 1/17:32:12.988 DEBUG2 : 		ReadTarget32
nov 1/17:32:12.988 DEBUG2 : 		ReadTarget32
nov 1/17:32:12.989 DEBUG2 : 		ReadTarget32
nov 1/17:32:12.989 DEBUG2 : 		ReadTarget32
nov 1/17:32:12.989 DEBUG2 : 		ReadTarget32
nov 1/17:32:12.989 DEBUG2 : 		ReadTarget32
nov 1/17:32:12.990 DEBUG2 : 		ReadTarget32
nov 1/17:32:12.990 DEBUG2 : 		ReadTarget32
nov 1/17:32:12.990 DEBUG2 : 		ReadTarget32
nov 1/17:32:12.991 DEBUG2 : 		ReadTarget32
nov 1/17:32:12.991 DEBUG2 : 		ReadTarget32
nov 1/17:32:12.991 DEBUG2 : 		ReadTarget32
nov 1/17:32:12.992 DEBUG2 : 		ReadTarget32
nov 1/17:32:12.992 DEBUG2 : 		ReadTarget32
nov 1/17:32:12.992 DEBUG2 : 		ReadTarget32
nov 1/17:32:12.993 DEBUG2 : 		ReadTarget32
nov 1/17:32:12.993 DEBUG2 : 		ReadTarget32
nov 1/17:32:12.993 DEBUG2 : 		ReadTarget32
nov 1/17:32:12.994 DEBUG2 : 		ReadTarget32
nov 1/17:32:12.994 DEBUG2 : 		ReadTarget32
nov 1/17:32:13.005 DEBUG2 : 		ReadTarget32
nov 1/17:32:13.006 DEBUG2 : 		WriteTarget32 Address=0x40023810 Data=0x00000000
nov 1/17:32:13.006 DEBUG2 : 		ReadTarget32
nov 1/17:32:13.007 DEBUG2 : 		WriteTarget32 Address=0x40023830 Data=0x00100002
nov 1/17:32:13.007 DEBUG2 : 		ReadTarget32
nov 1/17:32:13.008 DEBUG2 : 		WriteTarget32 Address=0xE0042004 Data=0x00000020
nov 1/17:32:13.008 DEBUG2 : 		ReadTarget32
nov 1/17:32:13.008 DEBUG2 : 		WriteTarget32 Address=0x40020400 Data=0x00000280
nov 1/17:32:13.009 DEBUG2 : 		ReadTarget32
nov 1/17:32:13.009 DEBUG2 : 		WriteTarget32 Address=0x40020404 Data=0x00000000
nov 1/17:32:13.009 DEBUG2 : 		ReadTarget32
nov 1/17:32:13.010 DEBUG2 : 		WriteTarget32 Address=0x4002040C Data=0x00000100
nov 1/17:32:13.010 DEBUG2 : 		ReadTarget32
nov 1/17:32:13.010 DEBUG2 : 		WriteTarget32 Address=0x40020408 Data=0x000000C0
nov 1/17:32:13.011 DEBUG2 : 		ReadTarget32
nov 1/17:32:13.011 DEBUG2 : 		WriteTarget32 Address=0x40020420 Data=0x00000000
nov 1/17:32:13.011 DEBUG2 : 		ReadTarget16
nov 1/17:32:13.012 DEBUG2 : 		ReadTarget32
nov 1/17:32:13.012 DEBUG2 : 		WriteTarget32 Address=0xE000EDFC Data=0x01000000
nov 1/17:32:13.012 DEBUG2 : 		WriteTarget32 Address=0xE0001028 Data=0x00000000
nov 1/17:32:13.013 DEBUG2 : 		WriteTarget32 Address=0xE0001038 Data=0x00000000
nov 1/17:32:13.013 DEBUG2 : 		WriteTarget32 Address=0xE0001048 Data=0x00000000
nov 1/17:32:13.013 DEBUG2 : 		WriteTarget32 Address=0xE0001058 Data=0x00000000
nov 1/17:32:13.014 DEBUG2 : 		ReadTarget32
nov 1/17:32:13.014 DEBUG2 : 		WriteTarget32 Address=0xE000EDFC Data=0x01000000
nov 1/17:32:13.014 DEBUG2 : 		WriteTarget32 Address=0xE00400F0 Data=0x00000002
nov 1/17:32:13.014 DEBUG2 : 		WriteTarget32 Address=0xE0040010 Data=0x0000006B
nov 1/17:32:13.015 DEBUG2 : 		WriteTarget32 Address=0xE0000FB0 Data=0xC5ACCE55
nov 1/17:32:13.015 DEBUG2 : 		ReadTarget32
nov 1/17:32:13.016 DEBUG2 : 		WriteTarget32 Address=0xE0000E80 Data=0x0001000F
nov 1/17:32:13.016 DEBUG2 : 		WriteTarget32 Address=0xE0000E40 Data=0x0000000F
nov 1/17:32:13.016 DEBUG2 : 		WriteTarget32 Address=0xE0000E00 Data=0x0000003E
nov 1/17:32:13.017 DEBUG2 : 		ReadTarget32
nov 1/17:32:13.017 DEBUG2 : 		WriteTarget32 Address=0xE0001000 Data=0x400003FF
nov 1/17:32:13.017 DEBUG2 : 		WriteTarget32 Address=0xE0040304 Data=0x00000100
nov 1/17:32:13.017 DEBUG2 : 		Go >
nov 1/17:32:13.020 DEBUG2 : 		Go <
nov 1/17:32:13.023 DEBUG2 : 		STLinkIsCpuHalted
nov 1/17:32:13.025 DEBUG2 : 		STLinkIsCpuHalted
nov 1/17:32:13.026 DEBUG2 : 		STLinkIsCpuHalted
nov 1/17:32:13.028 DEBUG2 : 		STLinkIsCpuHalted
nov 1/17:32:13.030 DEBUG2 : 		STLinkIsCpuHalted
nov 1/17:32:13.032 DEBUG2 : 		STLinkIsCpuHalted
nov 1/17:32:13.034 DEBUG2 : 		STLinkIsCpuHalted
nov 1/17:32:13.036 DEBUG2 : 		STLinkIsCpuHalted
nov 1/17:32:13.038 DEBUG2 : 		STLinkIsCpuHalted
nov 1/17:32:13.039 DEBUG2 : 		ReadTarget32
nov 1/17:32:13.039 DEBUG2 : 		WriteTarget32 Address=0xE000EDFC Data=0x01000000
nov 1/17:32:13.040 DEBUG2 : 		WriteTarget32 Address=0xE0001028 Data=0x00000000
nov 1/17:32:13.040 DEBUG2 : 		WriteTarget32 Address=0xE0001038 Data=0x00000000
nov 1/17:32:13.040 DEBUG2 : 		WriteTarget32 Address=0xE0001048 Data=0x00000000
nov 1/17:32:13.041 DEBUG2 : 		WriteTarget32 Address=0xE0001058 Data=0x00000000
nov 1/17:32:13.041 DEBUG2 : 		STLinkReadReg
nov 1/17:32:13.043 DEBUG2 : 		ReadTarget16
nov 1/17:32:13.044 DEBUG2 : 		ReadTarget32
nov 1/17:32:13.044 DEBUG2 : 		ReadTarget32
nov 1/17:32:13.045 DEBUG2 : 		ClearCodeBreak
nov 1/17:32:13.045 DEBUG2 : 		STLinkReadReg
nov 1/17:32:13.045 DEBUG2 : 		STLinkReadReg
nov 1/17:32:13.045 DEBUG2 : 		STLinkReadReg
nov 1/17:32:13.045 DEBUG2 : 		STLinkReadReg
nov 1/17:32:13.045 DEBUG2 : 		STLinkReadReg
nov 1/17:32:13.045 DEBUG2 : 		STLinkReadReg
nov 1/17:32:13.045 DEBUG2 : 		STLinkReadReg
nov 1/17:32:13.045 DEBUG2 : 		STLinkReadReg
nov 1/17:32:13.045 DEBUG2 : 		STLinkReadReg
nov 1/17:32:13.045 DEBUG2 : 		STLinkReadReg
nov 1/17:32:13.045 DEBUG2 : 		STLinkReadReg
nov 1/17:32:13.045 DEBUG2 : 		STLinkReadReg
nov 1/17:32:13.045 DEBUG2 : 		STLinkReadReg
nov 1/17:32:13.045 DEBUG2 : 		STLinkReadReg
nov 1/17:32:13.045 DEBUG2 : 		STLinkReadReg
nov 1/17:32:13.045 DEBUG2 : 		STLinkReadReg
nov 1/17:32:13.045 DEBUG2 : 		STLinkReadReg
nov 1/17:32:13.045 DEBUG2 : 		STLinkReadReg
nov 1/17:32:13.045 DEBUG2 : 		STLinkReadReg
nov 1/17:32:13.045 DEBUG2 : 		STLinkReadReg
nov 1/17:32:13.045 DEBUG2 : 		ReadTarget32
nov 1/17:32:13.046 DEBUG2 : 		ReadTarget16
nov 1/17:32:13.046 DEBUG2 : 		ReadTarget8
nov 1/17:32:13.047 DEBUG2 : 		ReadTarget8
nov 1/17:32:13.047 DEBUG2 : 		ReadTarget8
nov 1/17:32:13.048 DEBUG2 : 		ReadTarget8
nov 1/17:32:13.048 DEBUG2 : 		ReadTarget32
nov 1/17:32:13.048 DEBUG2 : 		ReadTarget8
nov 1/17:32:13.049 DEBUG2 : 		ReadTarget8
nov 1/17:32:13.049 DEBUG2 : 		ReadTarget8
nov 1/17:32:13.050 DEBUG2 : 		ReadTarget8
nov 1/17:32:13.050 DEBUG2 : 		ReadTarget16
nov 1/17:32:13.050 DEBUG2 : 		ReadTarget16
nov 1/17:32:13.051 DEBUG2 : 		ReadTarget8
nov 1/17:32:13.051 DEBUG2 : 		ReadTarget8
nov 1/17:32:13.052 DEBUG2 : 		ReadTarget8
nov 1/17:32:13.052 DEBUG2 : 		ReadTarget16
nov 1/17:32:13.053 DEBUG2 : 		ReadTarget16
nov 1/17:32:13.053 DEBUG2 : 		ReadTarget8
nov 1/17:32:13.054 DEBUG2 : 		ReadTarget16
nov 1/17:32:13.054 DEBUG2 : 		ReadTarget8
nov 1/17:32:13.055 DEBUG2 : 		ReadTarget16
nov 1/17:32:13.055 DEBUG2 : 		ReadTarget16
nov 1/17:32:13.056 DEBUG2 : 		ReadTarget16
nov 1/17:32:13.056 DEBUG2 : 		ReadTarget16
nov 1/17:32:13.057 DEBUG2 : 		ReadTarget8
nov 1/17:32:13.057 DEBUG2 : 		ReadTarget8
nov 1/17:32:13.058 DEBUG2 : 		ReadTarget8
nov 1/17:32:13.058 DEBUG2 : 		ReadTarget16
nov 1/17:32:13.058 DEBUG2 : 		ReadTarget8
nov 1/17:32:13.059 DEBUG2 : 		ReadTarget8
nov 1/17:32:13.059 DEBUG2 : 		ReadTarget16
nov 1/17:32:13.060 DEBUG2 : 		ReadTarget8
nov 1/17:32:13.060 DEBUG2 : 		ReadTarget16
nov 1/17:32:13.061 DEBUG2 : 		ReadTarget16
nov 1/17:32:13.061 DEBUG2 : 		ReadTarget16
nov 1/17:32:13.062 DEBUG2 : 		ReadTarget16
nov 1/17:32:13.062 DEBUG2 : 		ReadTarget16
nov 1/17:32:13.063 DEBUG2 : 		ReadTarget8
nov 1/17:32:13.063 DEBUG2 : 		ReadTarget8
nov 1/17:32:13.063 DEBUG2 : 		ReadTarget8
nov 1/17:32:13.064 DEBUG2 : 		ReadTarget8
nov 1/17:32:13.064 DEBUG2 : 		ReadTarget16
nov 1/17:32:13.065 DEBUG2 : 		ReadTarget8
nov 1/17:32:13.065 DEBUG2 : 		ReadTarget8
nov 1/17:32:13.065 DEBUG2 : 		ReadTarget8
nov 1/17:32:13.066 DEBUG2 : 		ReadTarget8
nov 1/17:32:13.066 DEBUG2 : 		ReadTarget32
nov 1/17:32:13.067 DEBUG2 : 		ReadTarget8
nov 1/17:32:13.067 DEBUG2 : 		ReadTarget8
nov 1/17:32:13.068 DEBUG2 : 		ReadTarget8
nov 1/17:32:13.068 DEBUG2 : 		ReadTarget8
nov 1/17:32:13.068 DEBUG2 : 		ReadTarget16
nov 1/17:32:13.069 DEBUG2 : 		ReadTarget8
nov 1/17:32:13.069 DEBUG2 : 		ReadTarget8
nov 1/17:32:13.070 DEBUG2 : 		ReadTarget8
nov 1/17:32:13.070 DEBUG2 : 		ReadTarget16
nov 1/17:32:13.071 DEBUG2 : 		ReadTarget16
nov 1/17:32:13.071 DEBUG2 : 		ReadTarget32
nov 1/17:32:13.072 DEBUG2 : 		ReadTarget8
nov 1/17:32:13.072 DEBUG2 : 		ReadTarget8
nov 1/17:32:13.072 DEBUG2 : 		ReadTarget8
nov 1/17:32:13.073 DEBUG2 : 		ReadTarget8
nov 1/17:32:13.073 DEBUG2 : 		ReadTarget8
nov 1/17:32:13.074 DEBUG2 : 		ReadTarget8
nov 1/17:32:13.074 DEBUG2 : 		ReadTarget8
nov 1/17:32:13.075 DEBUG2 : 		ReadTarget8
nov 1/17:32:13.075 DEBUG2 : 		ReadTarget16
nov 1/17:32:13.076 DEBUG2 : 		ReadTarget8
nov 1/17:32:13.076 DEBUG2 : 		ReadTarget8
nov 1/17:32:13.077 DEBUG2 : 		ReadTarget16
nov 1/17:32:13.077 DEBUG2 : 		ReadTarget8
nov 1/17:32:13.078 DEBUG2 : 		ReadTarget8
nov 1/17:32:13.078 DEBUG2 : 		ReadTarget8
nov 1/17:32:13.079 DEBUG2 : 		ReadTarget8
nov 1/17:32:13.079 DEBUG2 : 		ReadTarget16
nov 1/17:32:13.080 DEBUG2 : 		ReadTarget16
nov 1/17:32:13.080 DEBUG2 : 		ReadTarget32
nov 1/17:32:13.081 DEBUG2 : 		ReadTarget8
nov 1/17:32:13.081 DEBUG2 : 		ReadTarget16
nov 1/17:32:13.082 DEBUG2 : 		ReadTarget32
nov 1/17:32:13.082 DEBUG2 : 		ReadTarget8
nov 1/17:32:13.083 DEBUG2 : 		ReadTarget16
nov 1/17:32:13.083 DEBUG2 : 		ReadTarget8
nov 1/17:32:13.084 DEBUG2 : 		ReadTarget32
nov 1/17:32:13.084 DEBUG2 : 		ReadTarget16
nov 1/17:32:13.084 DEBUG2 : 		ReadTarget16
nov 1/17:32:13.085 DEBUG2 : 		ReadTarget16
nov 1/17:32:13.085 DEBUG2 : 		ReadTarget8
nov 1/17:32:13.086 DEBUG2 : 		ReadTarget16
nov 1/17:32:13.086 DEBUG2 : 		ReadTarget8
nov 1/17:32:13.087 DEBUG2 : 		ReadTarget8
nov 1/17:32:13.087 DEBUG2 : 		ReadTarget16
nov 1/17:32:13.088 DEBUG2 : 		ReadTarget16
nov 1/17:32:13.088 DEBUG2 : 		ReadTarget16
nov 1/17:32:13.088 DEBUG2 : 		ReadTarget16
nov 1/17:32:13.089 DEBUG2 : 		ReadTarget16
nov 1/17:32:13.089 DEBUG2 : 		ReadTarget16
nov 1/17:32:13.090 DEBUG2 : 		ReadTarget16
nov 1/17:32:13.090 DEBUG2 : 		ReadTarget32
nov 1/17:32:13.091 DEBUG2 : 		ReadTarget16
nov 1/17:32:13.091 DEBUG2 : 		ReadTarget32
nov 1/17:32:13.091 DEBUG2 : 		ReadTarget32
nov 1/17:32:13.092 DEBUG2 : 		ReadTarget32
nov 1/17:32:13.092 DEBUG2 : 		ReadTarget32
nov 1/17:32:13.093 DEBUG2 : 		ReadTarget16
nov 1/17:32:15.023 DEBUG2 : 		ReadTarget32
nov 1/17:32:15.025 DEBUG2 : 		ReadTarget32
nov 1/17:32:15.090 DEBUG2 : 		ReadTarget32
nov 1/17:32:15.093 DEBUG2 : 		ReadTarget32
nov 1/17:32:15.159 DEBUG2 : 		ReadTarget32
nov 1/17:32:15.261 DEBUG2 : 		ReadTarget32
nov 1/17:32:19.310 DEBUG2 : 		ReadTarget32
nov 1/17:32:19.310 DEBUG2 : 		WriteTarget32 Address=0x40023810 Data=0x00000000
nov 1/17:32:19.311 DEBUG2 : 		ReadTarget32
nov 1/17:32:19.311 DEBUG2 : 		WriteTarget32 Address=0x40023830 Data=0x00100002
nov 1/17:32:19.311 DEBUG2 : 		ReadTarget32
nov 1/17:32:19.312 DEBUG2 : 		WriteTarget32 Address=0xE0042004 Data=0x00000020
nov 1/17:32:19.312 DEBUG2 : 		ReadTarget32
nov 1/17:32:19.312 DEBUG2 : 		WriteTarget32 Address=0x40020400 Data=0x00000280
nov 1/17:32:19.313 DEBUG2 : 		ReadTarget32
nov 1/17:32:19.313 DEBUG2 : 		WriteTarget32 Address=0x40020404 Data=0x00000000
nov 1/17:32:19.313 DEBUG2 : 		ReadTarget32
nov 1/17:32:19.314 DEBUG2 : 		WriteTarget32 Address=0x4002040C Data=0x00000100
nov 1/17:32:19.314 DEBUG2 : 		ReadTarget32
nov 1/17:32:19.314 DEBUG2 : 		WriteTarget32 Address=0x40020408 Data=0x000000C0
nov 1/17:32:19.315 DEBUG2 : 		ReadTarget32
nov 1/17:32:19.315 DEBUG2 : 		WriteTarget32 Address=0x40020420 Data=0x00000000
nov 1/17:32:19.316 DEBUG2 : 		ReadTarget16
nov 1/17:32:19.316 DEBUG2 : 		ReadTarget32
nov 1/17:32:19.316 DEBUG2 : 		WriteTarget32 Address=0xE000EDFC Data=0x01000000
nov 1/17:32:19.317 DEBUG2 : 		WriteTarget32 Address=0xE0001028 Data=0x00000000
nov 1/17:32:19.317 DEBUG2 : 		WriteTarget32 Address=0xE0001038 Data=0x00000000
nov 1/17:32:19.317 DEBUG2 : 		WriteTarget32 Address=0xE0001048 Data=0x00000000
nov 1/17:32:19.317 DEBUG2 : 		WriteTarget32 Address=0xE0001058 Data=0x00000000
nov 1/17:32:19.318 DEBUG2 : 		ReadTarget32
nov 1/17:32:19.318 DEBUG2 : 		WriteTarget32 Address=0xE000EDFC Data=0x01000000
nov 1/17:32:19.318 DEBUG2 : 		WriteTarget32 Address=0xE00400F0 Data=0x00000002
nov 1/17:32:19.319 DEBUG2 : 		WriteTarget32 Address=0xE0040010 Data=0x0000006B
nov 1/17:32:19.319 DEBUG2 : 		WriteTarget32 Address=0xE0000FB0 Data=0xC5ACCE55
nov 1/17:32:19.320 DEBUG2 : 		ReadTarget32
nov 1/17:32:19.320 DEBUG2 : 		WriteTarget32 Address=0xE0000E80 Data=0x0001000F
nov 1/17:32:19.320 DEBUG2 : 		WriteTarget32 Address=0xE0000E40 Data=0x0000000F
nov 1/17:32:19.320 DEBUG2 : 		WriteTarget32 Address=0xE0000E00 Data=0x0000003E
nov 1/17:32:19.321 DEBUG2 : 		ReadTarget32
nov 1/17:32:19.321 DEBUG2 : 		WriteTarget32 Address=0xE0001000 Data=0x400003FF
nov 1/17:32:19.321 DEBUG2 : 		WriteTarget32 Address=0xE0040304 Data=0x00000100
nov 1/17:32:19.322 DEBUG2 : 		Go >
nov 1/17:32:19.324 DEBUG2 : 		Go <
nov 1/17:32:19.326 DEBUG2 : 		STLinkIsCpuHalted
nov 1/17:32:19.328 DEBUG2 : 		STLinkIsCpuHalted
nov 1/17:32:19.330 DEBUG2 : 		STLinkIsCpuHalted
nov 1/17:32:19.332 DEBUG2 : 		STLinkIsCpuHalted
nov 1/17:32:19.334 DEBUG2 : 		STLinkIsCpuHalted
nov 1/17:32:19.336 DEBUG2 : 		STLinkIsCpuHalted
nov 1/17:32:19.338 DEBUG2 : 		STLinkIsCpuHalted
nov 1/17:32:19.340 DEBUG2 : 		STLinkIsCpuHalted
nov 1/17:32:19.342 DEBUG2 : 		STLinkIsCpuHalted
nov 1/17:32:19.343 DEBUG2 : 		ReadTarget32
nov 1/17:32:19.343 DEBUG2 : 		WriteTarget32 Address=0xE000EDFC Data=0x01000000
nov 1/17:32:19.344 DEBUG2 : 		WriteTarget32 Address=0xE0001028 Data=0x00000000
nov 1/17:32:19.344 DEBUG2 : 		WriteTarget32 Address=0xE0001038 Data=0x00000000
nov 1/17:32:19.344 DEBUG2 : 		WriteTarget32 Address=0xE0001048 Data=0x00000000
nov 1/17:32:19.345 DEBUG2 : 		WriteTarget32 Address=0xE0001058 Data=0x00000000
nov 1/17:32:19.345 DEBUG2 : 		STLinkReadReg
nov 1/17:32:19.347 DEBUG2 : 		ReadTarget16
nov 1/17:32:19.348 DEBUG2 : 		ReadTarget32
nov 1/17:32:19.348 DEBUG2 : 		ReadTarget32
nov 1/17:32:19.349 DEBUG2 : 		STLinkReadReg
nov 1/17:32:19.349 DEBUG2 : 		STLinkReadReg
nov 1/17:32:19.349 DEBUG2 : 		STLinkReadReg
nov 1/17:32:19.349 DEBUG2 : 		STLinkReadReg
nov 1/17:32:19.349 DEBUG2 : 		STLinkReadReg
nov 1/17:32:19.349 DEBUG2 : 		STLinkReadReg
nov 1/17:32:19.349 DEBUG2 : 		STLinkReadReg
nov 1/17:32:19.349 DEBUG2 : 		STLinkReadReg
nov 1/17:32:19.349 DEBUG2 : 		STLinkReadReg
nov 1/17:32:19.349 DEBUG2 : 		STLinkReadReg
nov 1/17:32:19.349 DEBUG2 : 		STLinkReadReg
nov 1/17:32:19.349 DEBUG2 : 		STLinkReadReg
nov 1/17:32:19.349 DEBUG2 : 		STLinkReadReg
nov 1/17:32:19.349 DEBUG2 : 		STLinkReadReg
nov 1/17:32:19.349 DEBUG2 : 		STLinkReadReg
nov 1/17:32:19.349 DEBUG2 : 		STLinkReadReg
nov 1/17:32:19.349 DEBUG2 : 		STLinkReadReg
nov 1/17:32:19.349 DEBUG2 : 		STLinkReadReg
nov 1/17:32:19.349 DEBUG2 : 		STLinkReadReg
nov 1/17:32:19.349 DEBUG2 : 		STLinkReadReg
nov 1/17:32:19.350 DEBUG2 : 		ReadTarget32
nov 1/17:32:19.350 DEBUG2 : 		ReadTarget8
nov 1/17:32:19.350 DEBUG2 : 		ReadTarget32
nov 1/17:32:19.351 DEBUG2 : 		ReadTarget8
nov 1/17:32:19.351 DEBUG2 : 		ReadTarget16
nov 1/17:32:19.352 DEBUG2 : 		ReadTarget8
nov 1/17:32:19.352 DEBUG2 : 		ReadTarget32
nov 1/17:32:19.352 DEBUG2 : 		ReadTarget16
nov 1/17:32:19.353 DEBUG2 : 		ReadTarget16
nov 1/17:32:19.353 DEBUG2 : 		ReadTarget16
nov 1/17:32:19.354 DEBUG2 : 		ReadTarget8
nov 1/17:32:19.354 DEBUG2 : 		ReadTarget16
nov 1/17:32:19.354 DEBUG2 : 		ReadTarget8
nov 1/17:32:19.355 DEBUG2 : 		ReadTarget8
nov 1/17:32:19.355 DEBUG2 : 		ReadTarget16
nov 1/17:32:19.355 DEBUG2 : 		ReadTarget16
nov 1/17:32:19.356 DEBUG2 : 		ReadTarget16
nov 1/17:32:19.356 DEBUG2 : 		ReadTarget16
nov 1/17:32:19.356 DEBUG2 : 		ReadTarget32
nov 1/17:32:19.357 DEBUG2 : 		ReadTarget16
nov 1/17:32:19.357 DEBUG2 : 		ReadTarget16
nov 1/17:32:19.358 DEBUG2 : 		ReadTarget16
nov 1/17:32:19.358 DEBUG2 : 		ReadTarget32
nov 1/17:32:19.358 DEBUG2 : 		ReadTarget32
nov 1/17:32:19.359 DEBUG2 : 		ReadTarget16
nov 1/17:32:19.359 DEBUG2 : 		ReadTarget32
nov 1/17:32:19.360 DEBUG2 : 		ReadTarget32
nov 1/17:32:19.360 DEBUG2 : 		ReadTarget32
nov 1/17:32:19.360 DEBUG2 : 		ReadTarget32
nov 1/17:32:19.362 DEBUG2 : 		ReadTarget32
nov 1/17:32:19.363 DEBUG2 : 		ReadTarget32
nov 1/17:32:19.363 DEBUG2 : 		ReadTarget32
nov 1/17:32:19.364 DEBUG2 : 		ReadTarget32
nov 1/17:32:19.364 DEBUG2 : 		ReadTarget16
nov 1/17:32:19.364 DEBUG2 : 		ReadTarget8
nov 1/17:32:19.365 DEBUG2 : 		ReadTarget8
nov 1/17:32:19.365 DEBUG2 : 		ReadTarget8
nov 1/17:32:19.366 DEBUG2 : 		ReadTarget32
nov 1/17:32:19.366 DEBUG2 : 		ReadTarget32
nov 1/17:32:19.366 DEBUG2 : 		ReadTarget32
nov 1/17:32:19.367 DEBUG2 : 		ReadTarget32
nov 1/17:32:19.367 DEBUG2 : 		ReadTarget32
nov 1/17:32:19.367 DEBUG2 : 		ReadTarget32
nov 1/17:32:19.368 DEBUG2 : 		ReadTarget32
nov 1/17:32:19.368 DEBUG2 : 		ReadTarget32
nov 1/17:32:19.369 DEBUG2 : 		ReadTarget32
nov 1/17:32:19.369 DEBUG2 : 		ReadTarget16
nov 1/17:32:19.370 DEBUG2 : 		ReadTarget8
nov 1/17:32:19.370 DEBUG2 : 		ReadTarget8
nov 1/17:32:19.370 DEBUG2 : 		ReadTarget8
nov 1/17:32:19.371 DEBUG2 : 		ReadTarget32
nov 1/17:32:19.371 DEBUG2 : 		ReadTarget32
nov 1/17:32:19.371 DEBUG2 : 		ReadTarget32
nov 1/17:32:19.371 DEBUG2 : 		ReadTarget32
nov 1/17:32:19.372 DEBUG2 : 		ReadTarget32
nov 1/17:32:19.372 DEBUG2 : 		ReadTarget32
nov 1/17:32:19.372 DEBUG2 : 		ReadTarget32
nov 1/17:32:19.373 DEBUG2 : 		ReadTarget32
nov 1/17:32:19.373 DEBUG2 : 		ReadTarget32
nov 1/17:32:19.374 DEBUG2 : 		ReadTarget16
nov 1/17:32:19.374 DEBUG2 : 		ReadTarget8
nov 1/17:32:19.374 DEBUG2 : 		ReadTarget8
nov 1/17:32:19.374 DEBUG2 : 		ReadTarget8
nov 1/17:32:19.375 DEBUG2 : 		ReadTarget32
nov 1/17:32:19.375 DEBUG2 : 		ReadTarget32
nov 1/17:32:19.375 DEBUG2 : 		ReadTarget32
nov 1/17:32:19.376 DEBUG2 : 		ReadTarget32
nov 1/17:32:19.376 DEBUG2 : 		ReadTarget32
nov 1/17:32:19.376 DEBUG2 : 		ReadTarget32
nov 1/17:32:19.377 DEBUG2 : 		ReadTarget32
nov 1/17:32:19.377 DEBUG2 : 		ReadTarget32
nov 1/17:32:19.377 DEBUG2 : 		ReadTarget32
nov 1/17:32:19.378 DEBUG2 : 		ReadTarget16
nov 1/17:32:19.378 DEBUG2 : 		ReadTarget8
nov 1/17:32:19.378 DEBUG2 : 		ReadTarget8
nov 1/17:32:19.379 DEBUG2 : 		ReadTarget8
nov 1/17:32:19.379 DEBUG2 : 		ReadTarget32
nov 1/17:32:19.379 DEBUG2 : 		ReadTarget32
nov 1/17:32:19.380 DEBUG2 : 		ReadTarget32
nov 1/17:32:19.380 DEBUG2 : 		ReadTarget32
nov 1/17:32:19.380 DEBUG2 : 		ReadTarget32
nov 1/17:32:19.381 DEBUG2 : 		ReadTarget32
nov 1/17:32:19.381 DEBUG2 : 		ReadTarget32
nov 1/17:32:19.381 DEBUG2 : 		ReadTarget32
nov 1/17:32:19.382 DEBUG2 : 		ReadTarget32
nov 1/17:32:19.382 DEBUG2 : 		ReadTarget16
nov 1/17:32:19.383 DEBUG2 : 		ReadTarget8
nov 1/17:32:19.383 DEBUG2 : 		ReadTarget8
nov 1/17:32:19.383 DEBUG2 : 		ReadTarget8
nov 1/17:32:19.384 DEBUG2 : 		ReadTarget32
nov 1/17:32:19.384 DEBUG2 : 		ReadTarget32
nov 1/17:32:19.384 DEBUG2 : 		ReadTarget32
nov 1/17:32:19.385 DEBUG2 : 		ReadTarget32
nov 1/17:32:19.385 DEBUG2 : 		ReadTarget32
nov 1/17:32:19.385 DEBUG2 : 		ReadTarget32
nov 1/17:32:19.386 DEBUG2 : 		ReadTarget32
nov 1/17:32:19.386 DEBUG2 : 		ReadTarget32
nov 1/17:32:19.386 DEBUG2 : 		ReadTarget32
nov 1/17:32:19.386 DEBUG2 : 		ReadTarget16
nov 1/17:32:19.386 DEBUG2 : 		ReadTarget8
nov 1/17:32:19.386 DEBUG2 : 		ReadTarget8
nov 1/17:32:19.386 DEBUG2 : 		ReadTarget8
nov 1/17:32:19.387 DEBUG2 : 		ReadTarget32
nov 1/17:32:19.387 DEBUG2 : 		ReadTarget32
nov 1/17:32:19.387 DEBUG2 : 		ReadTarget32
nov 1/17:32:19.388 DEBUG2 : 		ReadTarget32
nov 1/17:32:19.388 DEBUG2 : 		ReadTarget32
nov 1/17:32:19.388 DEBUG2 : 		ReadTarget32
nov 1/17:32:19.389 DEBUG2 : 		ReadTarget32
nov 1/17:32:19.389 DEBUG2 : 		ReadTarget32
nov 1/17:32:19.389 DEBUG2 : 		ReadTarget16
nov 1/17:32:19.390 DEBUG2 : 		ReadTarget8
nov 1/17:32:19.390 DEBUG2 : 		ReadTarget8
nov 1/17:32:19.390 DEBUG2 : 		ReadTarget8
nov 1/17:32:19.391 DEBUG2 : 		ReadTarget32
nov 1/17:32:19.391 DEBUG2 : 		ReadTarget32
nov 1/17:32:19.391 DEBUG2 : 		ReadTarget32
nov 1/17:32:19.392 DEBUG2 : 		ReadTarget32
nov 1/17:32:19.392 DEBUG2 : 		ReadTarget32
nov 1/17:32:19.392 DEBUG2 : 		ReadTarget32
nov 1/17:32:19.392 DEBUG2 : 		ReadTarget32
nov 1/17:32:19.393 DEBUG2 : 		ReadTarget32
nov 1/17:32:19.393 DEBUG2 : 		ReadTarget16
nov 1/17:32:19.393 DEBUG2 : 		ReadTarget8
nov 1/17:32:19.394 DEBUG2 : 		ReadTarget8
nov 1/17:32:19.394 DEBUG2 : 		ReadTarget8
nov 1/17:32:19.394 DEBUG2 : 		ReadTarget32
nov 1/17:32:19.395 DEBUG2 : 		ReadTarget32
nov 1/17:32:19.395 DEBUG2 : 		ReadTarget32
nov 1/17:32:19.395 DEBUG2 : 		ReadTarget32
nov 1/17:32:19.396 DEBUG2 : 		ReadTarget32
nov 1/17:32:19.396 DEBUG2 : 		ReadTarget32
nov 1/17:32:19.396 DEBUG2 : 		ReadTarget32
nov 1/17:32:19.397 DEBUG2 : 		ReadTarget32
nov 1/17:32:19.397 DEBUG2 : 		ReadTarget16
nov 1/17:32:19.397 DEBUG2 : 		ReadTarget8
nov 1/17:32:19.397 DEBUG2 : 		ReadTarget8
nov 1/17:32:19.398 DEBUG2 : 		ReadTarget8
nov 1/17:32:19.398 DEBUG2 : 		ReadTarget32
nov 1/17:32:19.398 DEBUG2 : 		ReadTarget32
nov 1/17:32:19.399 DEBUG2 : 		ReadTarget32
nov 1/17:32:19.399 DEBUG2 : 		ReadTarget32
nov 1/17:32:19.399 DEBUG2 : 		ReadTarget32
nov 1/17:32:19.400 DEBUG2 : 		ReadTarget32
nov 1/17:32:19.400 DEBUG2 : 		ReadTarget32
nov 1/17:32:19.400 DEBUG2 : 		ReadTarget32
nov 1/17:32:19.401 DEBUG2 : 		ReadTarget16
nov 1/17:32:19.401 DEBUG2 : 		ReadTarget8
nov 1/17:32:19.401 DEBUG2 : 		ReadTarget8
nov 1/17:32:19.401 DEBUG2 : 		ReadTarget8
nov 1/17:32:19.402 DEBUG2 : 		ReadTarget32
nov 1/17:32:19.402 DEBUG2 : 		ReadTarget32
nov 1/17:32:19.402 DEBUG2 : 		ReadTarget32
nov 1/17:32:19.403 DEBUG2 : 		ReadTarget32
nov 1/17:32:19.403 DEBUG2 : 		ReadTarget32
nov 1/17:32:19.403 DEBUG2 : 		ReadTarget32
nov 1/17:32:19.536 DEBUG2 : 		ReadTarget32
nov 1/17:32:19.537 DEBUG2 : 		ReadTarget16
nov 1/17:32:19.538 DEBUG2 : 		ReadTarget32
nov 1/17:32:19.540 DEBUG2 : 		ReadTarget16
nov 1/17:32:19.574 DEBUG2 : 		ReadTarget32
nov 1/17:32:19.576 DEBUG2 : 		ReadTarget32
nov 1/17:32:19.578 DEBUG2 : 		ReadTarget16
nov 1/17:32:19.579 DEBUG2 : 		ReadTarget32
nov 1/17:32:19.580 DEBUG2 : 		ReadTarget16
nov 1/17:32:19.581 DEBUG2 : 		ReadTarget32
nov 1/17:32:19.583 DEBUG2 : 		ReadTarget16
nov 1/17:32:19.584 DEBUG2 : 		ReadTarget32
nov 1/17:32:19.585 DEBUG2 : 		ReadTarget16
nov 1/17:32:19.588 DEBUG2 : 		ReadTarget16
nov 1/17:32:19.588 DEBUG2 : 		ReadTarget32
nov 1/17:32:19.589 DEBUG2 : 		ReadTarget16
nov 1/17:32:19.763 DEBUG2 : 		ReadTarget32
nov 1/17:32:19.764 DEBUG2 : 		ReadTarget16
nov 1/17:32:19.764 DEBUG2 : 		ReadTarget32
nov 1/17:32:19.765 DEBUG2 : 		ReadTarget16
nov 1/17:32:19.766 DEBUG2 : 		ReadTarget32
nov 1/17:32:19.768 DEBUG2 : 		ReadTarget16
nov 1/17:32:19.768 DEBUG2 : 		ReadTarget32
nov 1/17:32:19.770 DEBUG2 : 		ReadTarget16
nov 1/17:32:19.770 DEBUG2 : 		ReadTarget32
nov 1/17:32:19.772 DEBUG2 : 		ReadTarget16
nov 1/17:32:19.772 DEBUG2 : 		ReadTarget32
nov 1/17:32:19.774 DEBUG2 : 		ReadTarget16
nov 1/17:32:23.176 DEBUG2 : 		ReadTarget32
nov 1/17:32:23.177 DEBUG2 : 		WriteTarget32 Address=0x40023810 Data=0x00000000
nov 1/17:32:23.177 DEBUG2 : 		ReadTarget32
nov 1/17:32:23.178 DEBUG2 : 		WriteTarget32 Address=0x40023830 Data=0x001000FB
nov 1/17:32:23.178 DEBUG2 : 		ReadTarget32
nov 1/17:32:23.179 DEBUG2 : 		WriteTarget32 Address=0xE0042004 Data=0x00000020
nov 1/17:32:23.179 DEBUG2 : 		ReadTarget32
nov 1/17:32:23.180 DEBUG2 : 		WriteTarget32 Address=0x40020400 Data=0x00050280
nov 1/17:32:23.180 DEBUG2 : 		ReadTarget32
nov 1/17:32:23.180 DEBUG2 : 		WriteTarget32 Address=0x40020404 Data=0x00000300
nov 1/17:32:23.181 DEBUG2 : 		ReadTarget32
nov 1/17:32:23.181 DEBUG2 : 		WriteTarget32 Address=0x4002040C Data=0x00050100
nov 1/17:32:23.181 DEBUG2 : 		ReadTarget32
nov 1/17:32:23.182 DEBUG2 : 		WriteTarget32 Address=0x40020408 Data=0x000F00C0
nov 1/17:32:23.182 DEBUG2 : 		ReadTarget32
nov 1/17:32:23.182 DEBUG2 : 		WriteTarget32 Address=0x40020420 Data=0x00000000
nov 1/17:32:23.183 DEBUG2 : 		ReadTarget16
nov 1/17:32:23.183 DEBUG2 : 		ReadTarget16
nov 1/17:32:23.184 DEBUG2 : 		ClearCodeBreak
nov 1/17:32:23.184 DEBUG2 : 		ReadTarget32
nov 1/17:32:23.184 DEBUG2 : 		WriteTarget32 Address=0xE000EDFC Data=0x01000000
nov 1/17:32:23.184 DEBUG2 : 		WriteTarget32 Address=0xE0001028 Data=0x00000000
nov 1/17:32:23.185 DEBUG2 : 		WriteTarget32 Address=0xE0001038 Data=0x00000000
nov 1/17:32:23.185 DEBUG2 : 		WriteTarget32 Address=0xE0001048 Data=0x00000000
nov 1/17:32:23.185 DEBUG2 : 		WriteTarget32 Address=0xE0001058 Data=0x00000000
nov 1/17:32:23.186 DEBUG2 : 		ReadTarget32
nov 1/17:32:23.186 DEBUG2 : 		WriteTarget32 Address=0xE000EDFC Data=0x01000000
nov 1/17:32:23.186 DEBUG2 : 		WriteTarget32 Address=0xE00400F0 Data=0x00000002
nov 1/17:32:23.187 DEBUG2 : 		WriteTarget32 Address=0xE0040010 Data=0x0000006B
nov 1/17:32:23.187 DEBUG2 : 		WriteTarget32 Address=0xE0000FB0 Data=0xC5ACCE55
nov 1/17:32:23.187 DEBUG2 : 		ReadTarget32
nov 1/17:32:23.188 DEBUG2 : 		WriteTarget32 Address=0xE0000E80 Data=0x0001000F
nov 1/17:32:23.188 DEBUG2 : 		WriteTarget32 Address=0xE0000E40 Data=0x0000000F
nov 1/17:32:23.188 DEBUG2 : 		WriteTarget32 Address=0xE0000E00 Data=0x0000003E
nov 1/17:32:23.188 DEBUG2 : 		ReadTarget32
nov 1/17:32:23.189 DEBUG2 : 		WriteTarget32 Address=0xE0001000 Data=0x400003FF
nov 1/17:32:23.189 DEBUG2 : 		WriteTarget32 Address=0xE0040304 Data=0x00000100
nov 1/17:32:23.189 DEBUG2 : 		Step
nov 1/17:32:23.194 DEBUG2 : 		STLinkIsCpuHalted
nov 1/17:32:23.196 DEBUG2 : 		STLinkReadReg
nov 1/17:32:23.198 DEBUG2 : 		ReadTarget32
nov 1/17:32:23.199 DEBUG2 : 		ReadTarget32
nov 1/17:32:23.199 DEBUG2 : 		ReadTarget16
nov 1/17:32:23.199 DEBUG2 : 		SetCodeBreak
nov 1/17:32:23.199 DEBUG2 : 		ReadTarget32
nov 1/17:32:23.200 DEBUG2 : 		WriteTarget32 Address=0xE000EDFC Data=0x01000000
nov 1/17:32:23.200 DEBUG2 : 		WriteTarget32 Address=0xE0001028 Data=0x00000000
nov 1/17:32:23.200 DEBUG2 : 		WriteTarget32 Address=0xE0001038 Data=0x00000000
nov 1/17:32:23.200 DEBUG2 : 		WriteTarget32 Address=0xE0001048 Data=0x00000000
nov 1/17:32:23.201 DEBUG2 : 		WriteTarget32 Address=0xE0001058 Data=0x00000000
nov 1/17:32:23.201 DEBUG2 : 		ReadTarget32
nov 1/17:32:23.201 DEBUG2 : 		WriteTarget32 Address=0xE000EDFC Data=0x01000000
nov 1/17:32:23.202 DEBUG2 : 		WriteTarget32 Address=0xE00400F0 Data=0x00000002
nov 1/17:32:23.202 DEBUG2 : 		WriteTarget32 Address=0xE0040010 Data=0x0000006B
nov 1/17:32:23.202 DEBUG2 : 		WriteTarget32 Address=0xE0000FB0 Data=0xC5ACCE55
nov 1/17:32:23.203 DEBUG2 : 		ReadTarget32
nov 1/17:32:23.203 DEBUG2 : 		WriteTarget32 Address=0xE0000E80 Data=0x0001000F
nov 1/17:32:23.203 DEBUG2 : 		WriteTarget32 Address=0xE0000E40 Data=0x0000000F
nov 1/17:32:23.204 DEBUG2 : 		WriteTarget32 Address=0xE0000E00 Data=0x0000003E
nov 1/17:32:23.204 DEBUG2 : 		ReadTarget32
nov 1/17:32:23.204 DEBUG2 : 		WriteTarget32 Address=0xE0001000 Data=0x400003FF
nov 1/17:32:23.205 DEBUG2 : 		WriteTarget32 Address=0xE0040304 Data=0x00000100
nov 1/17:32:23.205 DEBUG2 : 		Go >
nov 1/17:32:23.207 DEBUG2 : 		Go <
nov 1/17:32:23.210 DEBUG2 : 		STLinkIsCpuHalted
nov 1/17:32:23.211 DEBUG2 : 		ReadTarget32
nov 1/17:32:23.211 DEBUG2 : 		WriteTarget32 Address=0xE000EDFC Data=0x01000000
nov 1/17:32:23.212 DEBUG2 : 		WriteTarget32 Address=0xE0001028 Data=0x00000000
nov 1/17:32:23.212 DEBUG2 : 		WriteTarget32 Address=0xE0001038 Data=0x00000000
nov 1/17:32:23.212 DEBUG2 : 		WriteTarget32 Address=0xE0001048 Data=0x00000000
nov 1/17:32:23.212 DEBUG2 : 		WriteTarget32 Address=0xE0001058 Data=0x00000000
nov 1/17:32:23.213 DEBUG2 : 		STLinkReadReg
nov 1/17:32:23.215 DEBUG2 : 		ReadTarget16
nov 1/17:32:23.216 DEBUG2 : 		ReadTarget32
nov 1/17:32:23.216 DEBUG2 : 		ReadTarget32
nov 1/17:32:23.217 DEBUG2 : 		STLinkReadReg
nov 1/17:32:23.217 DEBUG2 : 		STLinkReadReg
nov 1/17:32:23.217 DEBUG2 : 		STLinkReadReg
nov 1/17:32:23.217 DEBUG2 : 		STLinkReadReg
nov 1/17:32:23.217 DEBUG2 : 		STLinkReadReg
nov 1/17:32:23.217 DEBUG2 : 		STLinkReadReg
nov 1/17:32:23.217 DEBUG2 : 		STLinkReadReg
nov 1/17:32:23.217 DEBUG2 : 		STLinkReadReg
nov 1/17:32:23.217 DEBUG2 : 		STLinkReadReg
nov 1/17:32:23.217 DEBUG2 : 		STLinkReadReg
nov 1/17:32:23.217 DEBUG2 : 		STLinkReadReg
nov 1/17:32:23.217 DEBUG2 : 		STLinkReadReg
nov 1/17:32:23.217 DEBUG2 : 		STLinkReadReg
nov 1/17:32:23.217 DEBUG2 : 		STLinkReadReg
nov 1/17:32:23.217 DEBUG2 : 		STLinkReadReg
nov 1/17:32:23.217 DEBUG2 : 		STLinkReadReg
nov 1/17:32:23.217 DEBUG2 : 		STLinkReadReg
nov 1/17:32:23.217 DEBUG2 : 		STLinkReadReg
nov 1/17:32:23.217 DEBUG2 : 		STLinkReadReg
nov 1/17:32:23.217 DEBUG2 : 		STLinkReadReg
nov 1/17:32:23.217 DEBUG2 : 		ReadTarget32
nov 1/17:32:23.218 DEBUG2 : 		ReadTarget8
nov 1/17:32:23.218 DEBUG2 : 		ReadTarget32
nov 1/17:32:23.218 DEBUG2 : 		ReadTarget8
nov 1/17:32:23.219 DEBUG2 : 		ReadTarget16
nov 1/17:32:23.219 DEBUG2 : 		ReadTarget8
nov 1/17:32:23.219 DEBUG2 : 		ReadTarget32
nov 1/17:32:23.220 DEBUG2 : 		ReadTarget16
nov 1/17:32:23.220 DEBUG2 : 		ReadTarget16
nov 1/17:32:23.220 DEBUG2 : 		ReadTarget16
nov 1/17:32:23.221 DEBUG2 : 		ReadTarget8
nov 1/17:32:23.221 DEBUG2 : 		ReadTarget16
nov 1/17:32:23.221 DEBUG2 : 		ReadTarget8
nov 1/17:32:23.222 DEBUG2 : 		ReadTarget8
nov 1/17:32:23.222 DEBUG2 : 		ReadTarget16
nov 1/17:32:23.222 DEBUG2 : 		ReadTarget16
nov 1/17:32:23.223 DEBUG2 : 		ReadTarget16
nov 1/17:32:23.223 DEBUG2 : 		ReadTarget16
nov 1/17:32:23.224 DEBUG2 : 		ReadTarget16
nov 1/17:32:23.224 DEBUG2 : 		ReadTarget16
nov 1/17:32:23.224 DEBUG2 : 		ReadTarget16
nov 1/17:32:23.225 DEBUG2 : 		ReadTarget32
nov 1/17:32:23.225 DEBUG2 : 		ReadTarget16
nov 1/17:32:23.225 DEBUG2 : 		ReadTarget32
nov 1/17:32:23.226 DEBUG2 : 		ReadTarget32
nov 1/17:32:23.226 DEBUG2 : 		ReadTarget32
nov 1/17:32:23.227 DEBUG2 : 		ReadTarget32
nov 1/17:32:23.227 DEBUG2 : 		ReadTarget32
nov 1/17:32:23.228 DEBUG2 : 		ReadTarget32
nov 1/17:32:23.228 DEBUG2 : 		ReadTarget32
nov 1/17:32:23.228 DEBUG2 : 		ReadTarget32
nov 1/17:32:23.229 DEBUG2 : 		ReadTarget16
nov 1/17:32:23.229 DEBUG2 : 		ReadTarget8
nov 1/17:32:23.229 DEBUG2 : 		ReadTarget32
nov 1/17:32:23.230 DEBUG2 : 		ReadTarget8
nov 1/17:32:23.230 DEBUG2 : 		ReadTarget8
nov 1/17:32:23.231 DEBUG2 : 		ReadTarget32
nov 1/17:32:23.231 DEBUG2 : 		ReadTarget32
nov 1/17:32:23.231 DEBUG2 : 		ReadTarget32
nov 1/17:32:23.232 DEBUG2 : 		ReadTarget32
nov 1/17:32:23.232 DEBUG2 : 		ReadTarget32
nov 1/17:32:23.232 DEBUG2 : 		ReadTarget32
nov 1/17:32:23.233 DEBUG2 : 		ReadTarget32
nov 1/17:32:23.233 DEBUG2 : 		ReadTarget32
nov 1/17:32:23.233 DEBUG2 : 		ReadTarget32
nov 1/17:32:23.234 DEBUG2 : 		ReadTarget32
nov 1/17:32:23.234 DEBUG2 : 		ReadTarget32
nov 1/17:32:23.234 DEBUG2 : 		ReadTarget16
nov 1/17:32:23.235 DEBUG2 : 		ReadTarget8
nov 1/17:32:23.235 DEBUG2 : 		ReadTarget8
nov 1/17:32:23.235 DEBUG2 : 		ReadTarget8
nov 1/17:32:23.236 DEBUG2 : 		ReadTarget32
nov 1/17:32:23.236 DEBUG2 : 		ReadTarget32
nov 1/17:32:23.236 DEBUG2 : 		ReadTarget32
nov 1/17:32:23.237 DEBUG2 : 		ReadTarget32
nov 1/17:32:23.237 DEBUG2 : 		ReadTarget32
nov 1/17:32:23.237 DEBUG2 : 		ReadTarget32
nov 1/17:32:23.238 DEBUG2 : 		ReadTarget32
nov 1/17:32:23.238 DEBUG2 : 		ReadTarget32
nov 1/17:32:23.239 DEBUG2 : 		ReadTarget32
nov 1/17:32:23.239 DEBUG2 : 		ReadTarget16
nov 1/17:32:23.239 DEBUG2 : 		ReadTarget8
nov 1/17:32:23.239 DEBUG2 : 		ReadTarget8
nov 1/17:32:23.240 DEBUG2 : 		ReadTarget8
nov 1/17:32:23.240 DEBUG2 : 		ReadTarget32
nov 1/17:32:23.240 DEBUG2 : 		ReadTarget32
nov 1/17:32:23.241 DEBUG2 : 		ReadTarget32
nov 1/17:32:23.241 DEBUG2 : 		ReadTarget32
nov 1/17:32:23.241 DEBUG2 : 		ReadTarget32
nov 1/17:32:23.242 DEBUG2 : 		ReadTarget32
nov 1/17:32:23.242 DEBUG2 : 		ReadTarget32
nov 1/17:32:23.242 DEBUG2 : 		ReadTarget32
nov 1/17:32:23.243 DEBUG2 : 		ReadTarget32
nov 1/17:32:23.243 DEBUG2 : 		ReadTarget16
nov 1/17:32:23.243 DEBUG2 : 		ReadTarget8
nov 1/17:32:23.244 DEBUG2 : 		ReadTarget8
nov 1/17:32:23.244 DEBUG2 : 		ReadTarget8
nov 1/17:32:23.244 DEBUG2 : 		ReadTarget32
nov 1/17:32:23.245 DEBUG2 : 		ReadTarget32
nov 1/17:32:23.245 DEBUG2 : 		ReadTarget32
nov 1/17:32:23.245 DEBUG2 : 		ReadTarget32
nov 1/17:32:23.246 DEBUG2 : 		ReadTarget32
nov 1/17:32:23.246 DEBUG2 : 		ReadTarget32
nov 1/17:32:23.246 DEBUG2 : 		ReadTarget32
nov 1/17:32:23.247 DEBUG2 : 		ReadTarget32
nov 1/17:32:23.247 DEBUG2 : 		ReadTarget32
nov 1/17:32:23.247 DEBUG2 : 		ReadTarget16
nov 1/17:32:23.247 DEBUG2 : 		ReadTarget8
nov 1/17:32:23.248 DEBUG2 : 		ReadTarget8
nov 1/17:32:23.248 DEBUG2 : 		ReadTarget8
nov 1/17:32:23.248 DEBUG2 : 		ReadTarget32
nov 1/17:32:23.249 DEBUG2 : 		ReadTarget32
nov 1/17:32:23.249 DEBUG2 : 		ReadTarget32
nov 1/17:32:23.249 DEBUG2 : 		ReadTarget32
nov 1/17:32:23.250 DEBUG2 : 		ReadTarget32
nov 1/17:32:23.250 DEBUG2 : 		ReadTarget32
nov 1/17:32:23.250 DEBUG2 : 		ReadTarget32
nov 1/17:32:23.251 DEBUG2 : 		ReadTarget32
nov 1/17:32:23.251 DEBUG2 : 		ReadTarget32
nov 1/17:32:23.251 DEBUG2 : 		ReadTarget16
nov 1/17:32:23.252 DEBUG2 : 		ReadTarget8
nov 1/17:32:23.252 DEBUG2 : 		ReadTarget8
nov 1/17:32:23.252 DEBUG2 : 		ReadTarget8
nov 1/17:32:23.253 DEBUG2 : 		ReadTarget32
nov 1/17:32:23.253 DEBUG2 : 		ReadTarget32
nov 1/17:32:23.253 DEBUG2 : 		ReadTarget32
nov 1/17:32:23.254 DEBUG2 : 		ReadTarget32
nov 1/17:32:23.254 DEBUG2 : 		ReadTarget32
nov 1/17:32:23.254 DEBUG2 : 		ReadTarget32
nov 1/17:32:23.255 DEBUG2 : 		ReadTarget32
nov 1/17:32:23.255 DEBUG2 : 		ReadTarget32
nov 1/17:32:23.255 DEBUG2 : 		ReadTarget16
nov 1/17:32:23.256 DEBUG2 : 		ReadTarget8
nov 1/17:32:23.256 DEBUG2 : 		ReadTarget8
nov 1/17:32:23.256 DEBUG2 : 		ReadTarget8
nov 1/17:32:23.256 DEBUG2 : 		ReadTarget32
nov 1/17:32:23.257 DEBUG2 : 		ReadTarget32
nov 1/17:32:23.257 DEBUG2 : 		ReadTarget32
nov 1/17:32:23.257 DEBUG2 : 		ReadTarget32
nov 1/17:32:23.258 DEBUG2 : 		ReadTarget32
nov 1/17:32:23.258 DEBUG2 : 		ReadTarget32
nov 1/17:32:23.258 DEBUG2 : 		ReadTarget32
nov 1/17:32:23.259 DEBUG2 : 		ReadTarget32
nov 1/17:32:23.259 DEBUG2 : 		ReadTarget16
nov 1/17:32:23.259 DEBUG2 : 		ReadTarget8
nov 1/17:32:23.260 DEBUG2 : 		ReadTarget8
nov 1/17:32:23.260 DEBUG2 : 		ReadTarget8
nov 1/17:32:23.260 DEBUG2 : 		ReadTarget32
nov 1/17:32:23.260 DEBUG2 : 		ReadTarget32
nov 1/17:32:23.261 DEBUG2 : 		ReadTarget32
nov 1/17:32:23.261 DEBUG2 : 		ReadTarget32
nov 1/17:32:23.261 DEBUG2 : 		ReadTarget32
nov 1/17:32:23.262 DEBUG2 : 		ReadTarget32
nov 1/17:32:23.262 DEBUG2 : 		ReadTarget32
nov 1/17:32:23.262 DEBUG2 : 		ReadTarget32
nov 1/17:32:23.263 DEBUG2 : 		ReadTarget16
nov 1/17:32:23.263 DEBUG2 : 		ReadTarget8
nov 1/17:32:23.263 DEBUG2 : 		ReadTarget8
nov 1/17:32:23.264 DEBUG2 : 		ReadTarget8
nov 1/17:32:23.264 DEBUG2 : 		ReadTarget32
nov 1/17:32:23.265 DEBUG2 : 		ReadTarget32
nov 1/17:32:23.265 DEBUG2 : 		ReadTarget32
nov 1/17:32:23.266 DEBUG2 : 		ReadTarget32
nov 1/17:32:23.266 DEBUG2 : 		ReadTarget32
nov 1/17:32:23.267 DEBUG2 : 		ReadTarget32
nov 1/17:32:23.267 DEBUG2 : 		ReadTarget32
nov 1/17:32:23.267 DEBUG2 : 		ReadTarget32
nov 1/17:32:23.268 DEBUG2 : 		ReadTarget32
nov 1/17:32:23.268 DEBUG2 : 		ReadTarget16
nov 1/17:32:23.268 DEBUG2 : 		ReadTarget8
nov 1/17:32:23.269 DEBUG2 : 		ReadTarget8
nov 1/17:32:23.269 DEBUG2 : 		ReadTarget8
nov 1/17:32:23.269 DEBUG2 : 		ReadTarget32
nov 1/17:32:23.270 DEBUG2 : 		ReadTarget32
nov 1/17:32:23.270 DEBUG2 : 		ReadTarget32
nov 1/17:32:23.270 DEBUG2 : 		ReadTarget32
nov 1/17:32:23.271 DEBUG2 : 		ReadTarget32
nov 1/17:32:23.271 DEBUG2 : 		ReadTarget32
nov 1/17:32:23.287 DEBUG2 : 		ReadTarget32
nov 1/17:32:23.288 DEBUG2 : 		ReadTarget32
nov 1/17:32:23.290 DEBUG2 : 		ReadTarget32
nov 1/17:32:23.292 DEBUG2 : 		ReadTarget32
nov 1/17:32:23.295 DEBUG2 : 		ReadTarget32
nov 1/17:32:23.296 DEBUG2 : 		ReadTarget32
nov 1/17:32:24.125 DEBUG2 : 		ReadTarget16
nov 1/17:32:24.126 DEBUG2 : 		ReadTarget32
nov 1/17:32:24.127 DEBUG2 : 		ReadTarget16
nov 1/17:32:24.129 DEBUG2 : 		ReadTarget32
nov 1/17:32:24.130 DEBUG2 : 		ReadTarget16
nov 1/17:32:24.131 DEBUG2 : 		ReadTarget32
nov 1/17:32:24.132 DEBUG2 : 		ReadTarget16
nov 1/17:32:24.133 DEBUG2 : 		ReadTarget32
nov 1/17:32:24.134 DEBUG2 : 		ReadTarget16
nov 1/17:32:24.135 DEBUG2 : 		ReadTarget32
nov 1/17:32:24.136 DEBUG2 : 		ReadTarget16
nov 1/17:32:24.137 DEBUG2 : 		ReadTarget32
nov 1/17:32:24.138 DEBUG2 : 		ReadTarget32
nov 1/17:32:24.140 DEBUG2 : 		ReadTarget32
nov 1/17:32:24.141 DEBUG2 : 		ReadTarget32
nov 1/17:32:24.143 DEBUG2 : 		ReadTarget32
nov 1/17:32:24.144 DEBUG2 : 		ReadTarget32
nov 1/17:32:24.146 DEBUG2 : 		ReadTarget32
nov 1/17:32:24.147 DEBUG2 : 		ReadTarget32
nov 1/17:32:24.148 DEBUG2 : 		ReadTarget32
nov 1/17:32:24.149 DEBUG2 : 		ReadTarget32
nov 1/17:32:24.151 DEBUG2 : 		ReadTarget32
nov 1/17:32:24.152 DEBUG2 : 		ReadTarget32
nov 1/17:32:24.153 DEBUG2 : 		ReadTarget32
nov 1/17:32:24.155 DEBUG2 : 		ReadTarget16
nov 1/17:32:24.155 DEBUG2 : 		ReadTarget32
nov 1/17:32:24.156 DEBUG2 : 		ReadTarget16
nov 1/17:32:24.157 DEBUG2 : 		ReadTarget32
nov 1/17:32:24.159 DEBUG2 : 		ReadTarget32
nov 1/17:32:24.160 DEBUG2 : 		ReadTarget32
nov 1/17:32:24.162 DEBUG2 : 		ReadTarget16
nov 1/17:32:24.162 DEBUG2 : 		ReadTarget32
nov 1/17:32:24.163 DEBUG2 : 		ReadTarget16
nov 1/17:32:24.164 DEBUG2 : 		ReadTarget32
nov 1/17:32:24.165 DEBUG2 : 		ReadTarget32
nov 1/17:32:24.166 DEBUG2 : 		ReadTarget32
nov 1/17:32:24.168 DEBUG2 : 		ReadTarget16
nov 1/17:32:24.168 DEBUG2 : 		ReadTarget32
nov 1/17:32:24.170 DEBUG2 : 		ReadTarget16
nov 1/17:32:24.170 DEBUG2 : 		ReadTarget32
nov 1/17:32:24.172 DEBUG2 : 		ReadTarget32
nov 1/17:32:36.479 DEBUG2 : 		ClearCodeBreak
nov 1/17:32:36.485 DEBUG2 : 		ReadTarget32
nov 1/17:32:36.486 DEBUG2 : 		ReadTarget32
nov 1/17:32:36.486 DEBUG2 : 		ReadTarget32
nov 1/17:32:36.487 DEBUG2 : 		ReadTarget32
nov 1/17:32:36.488 DEBUG2 : 		ReadTarget32
nov 1/17:32:38.661 DEBUG2 : 		ClearCodeBreak
nov 1/17:32:38.790 DEBUG2 : 		Shutdown
